#
# A fatal error has been detected by the Java Runtime Environment:
#
#  EXCEPTION_ACCESS_VIOLATION (0xc0000005) at pc=0x00007ffbbefb30c0, pid=12864, tid=6400
#
# JRE version: Java(TM) SE Runtime Environment (17.0.4.1+1) (build 17.0.4.1+1-LTS-2)
# Java VM: Java HotSpot(TM) 64-Bit Server VM (17.0.4.1+1-LTS-2, mixed mode, sharing, tiered, compressed oops, compressed class ptrs, g1 gc, windows-amd64)
# Problematic frame:
# V  [jvm.dll+0x2d30c0]
#
# No core dump will be written. Minidumps are not enabled by default on client versions of Windows
#
# If you would like to submit a bug report, please visit:
#   https://bugreport.java.com/bugreport/crash.jsp
#

---------------  S U M M A R Y ------------

Command Line: -Djava.library.path=C:\Users\Krimzo\Documents\Hobby\Coding\Java\TitianCreator\imgui -javaagent:C:\Program Files\JetBrains\IntelliJ IDEA Community Edition 2022.2.1\lib\idea_rt.jar=62598:C:\Program Files\JetBrains\IntelliJ IDEA Community Edition 2022.2.1\bin -Dfile.encoding=UTF-8 TitianCreator

Host: Intel(R) Core(TM) i5-4690K CPU @ 3.50GHz, 4 cores, 31G,  Windows 11 , 64 bit Build 22000 (10.0.22000.708)
Time: Wed Sep 28 00:35:33 2022 Central European Daylight Time elapsed time: 2.955694 seconds (0d 0h 0m 2s)

---------------  T H R E A D  ---------------

Current thread (0x000001d3aec217c0):  JavaThread "C1 CompilerThread0" daemon [_thread_in_vm, id=6400, stack(0x000000cf5b300000,0x000000cf5b400000)]


Current CompileTask:
C1:   2955 1324       3       imgui.gl3.ImGuiImplGl3::renderDrawData (403 bytes)

Stack: [0x000000cf5b300000,0x000000cf5b400000],  sp=0x000000cf5b3fe550,  free space=1017k
Native frames: (J=compiled Java code, j=interpreted, Vv=VM code, C=native code)
V  [jvm.dll+0x2d30c0]
V  [jvm.dll+0x2d2f38]
V  [jvm.dll+0x64b836]
V  [jvm.dll+0x2db2ef]
V  [jvm.dll+0x648584]
V  [jvm.dll+0x64b3b4]
V  [jvm.dll+0x1c3357]
V  [jvm.dll+0x132591]
V  [jvm.dll+0x13195a]
V  [jvm.dll+0x133621]
V  [jvm.dll+0x224e08]
V  [jvm.dll+0x222f75]
V  [jvm.dll+0x787a0b]
V  [jvm.dll+0x781fca]
V  [jvm.dll+0x671245]
C  [ucrtbase.dll+0x26c0c]
C  [KERNEL32.DLL+0x154e0]
C  [ntdll.dll+0x485b]


siginfo: EXCEPTION_ACCESS_VIOLATION (0xc0000005), reading address 0xffffffffffffffff


Register to memory mapping:

RIP=0x00007ffbbefb30c0 jvm.dll
RAX=0x444fc65e44cf1000 is an unknown value
RBX=0x000001d3b4f0c0e0 points into unknown readable memory: 0x0001000200000200 | 00 02 00 00 02 00 01 00
RCX=0x000001d3b4f0c0e0 points into unknown readable memory: 0x0001000200000200 | 00 02 00 00 02 00 01 00
RDX=0x000000000000017a is an unknown value
RSP=0x000000cf5b3fe550 is pointing into the stack for thread: 0x000001d3aec217c0
RBP=0x0 is NULL
RSI=0x000000cf5b3fe6c0 is pointing into the stack for thread: 0x000001d3aec217c0
RDI=0x000001d38a6c3510 is at entry_point+-848 in (nmethod*)0x000001d38a6c3510
R8 =0x000000000000017a is an unknown value
R9 =0x000001d38a6c3510 is at entry_point+-848 in (nmethod*)0x000001d38a6c3510
R10=0x000000002d78ed7a is an unknown value
R11=0x0 is NULL
R12=0x0000000000001000 is an unknown value
R13=0x000001d3b4c80ce0 points into unknown readable memory: 0x000001d3b4de3df0 | f0 3d de b4 d3 01 00 00
R14=0x00007ffbbf5bedb0 jvm.dll
R15=0x000001d3ae279518 points into unknown readable memory: 0x000001d3b4f0c0e0 | e0 c0 f0 b4 d3 01 00 00


Registers:
RAX=0x444fc65e44cf1000, RBX=0x000001d3b4f0c0e0, RCX=0x000001d3b4f0c0e0, RDX=0x000000000000017a
RSP=0x000000cf5b3fe550, RBP=0x0000000000000000, RSI=0x000000cf5b3fe6c0, RDI=0x000001d38a6c3510
R8 =0x000000000000017a, R9 =0x000001d38a6c3510, R10=0x000000002d78ed7a, R11=0x0000000000000000
R12=0x0000000000001000, R13=0x000001d3b4c80ce0, R14=0x00007ffbbf5bedb0, R15=0x000001d3ae279518
RIP=0x00007ffbbefb30c0, EFLAGS=0x0000000000010206

Top of Stack: (sp=0x000000cf5b3fe550)
0x000000cf5b3fe550:   000001d38a6c3860 00007ffbbe000000
0x000000cf5b3fe560:   000000cf5b3fe510 000001d38a6c3860
0x000000cf5b3fe570:   000001d38a6c3510 00007ffbbefb2f38
0x000000cf5b3fe580:   000001d38a6c4500 00007ffbbef0c838
0x000000cf5b3fe590:   0000000000000000 000000cf5b3fed00
0x000000cf5b3fe5a0:   0000000000000000 000000000000f000
0x000000cf5b3fe5b0:   000001d38a6c46a8 00007ffbbf32b836
0x000000cf5b3fe5c0:   000001d38a6c3510 000000cf5b3fece0
0x000000cf5b3fe5d0:   000000cf5b3fe6c0 000001d3b4d3e050
0x000000cf5b3fe5e0:   0000000000000000 000001d38a6c3858
0x000000cf5b3fe5f0:   000001d38a6c3858 000001d38a6c3510
0x000000cf5b3fe600:   000001d38a6c46a1 000000061f01017c
0x000000cf5b3fe610:   000001d38a6c384c 000001d38a6c0000
0x000000cf5b3fe620:   000001d38a6c3860 000001d38a6c3860
0x000000cf5b3fe630:   000001d38a6c4500 000001d38a6c3860
0x000000cf5b3fe640:   000001d38a6c4500 000001d38a6c46a8 

Instructions: (pc=0x00007ffbbefb30c0)
0x00007ffbbefb2fc0:   41 8b c1 f7 37 48 8b 47 08 48 63 ca 48 8b 04 c8
0x00007ffbbefb2fd0:   48 85 c0 74 0f 4c 39 40 10 74 4d 48 8b 40 08 48
0x00007ffbbefb2fe0:   85 c0 75 f1 41 8b d1 48 8b cf e8 21 72 07 00 4c
0x00007ffbbefb2ff0:   8b c8 33 d2 8b 00 f7 37 48 63 ca 4c 8d 04 cd 00
0x00007ffbbefb3000:   00 00 00 48 8b 4f 08 49 8b 14 08 49 89 51 08 48
0x00007ffbbefb3010:   8b 4f 08 4d 89 0c 08 48 8d 4f 18 8b 47 14 ff c0
0x00007ffbbefb3020:   89 47 14 e8 d8 28 48 00 48 8b 5b 08 48 85 db 0f
0x00007ffbbefb3030:   85 7b ff ff ff ff c5 49 83 c6 08 3b 2e 0f 8c 50
0x00007ffbbefb3040:   ff ff ff 49 8b 37 4c 8b 74 24 50 0f 1f 44 00 00
0x00007ffbbefb3050:   48 8b 05 09 7a 81 00 48 89 46 58 f0 48 0f b1 35
0x00007ffbbefb3060:   fc 79 81 00 48 3b 46 58 75 e6 48 8b 74 24 40 49
0x00007ffbbefb3070:   89 3f 49 8b 47 08 48 8b 7c 24 48 48 ff c0 49 89
0x00007ffbbefb3080:   47 08 48 83 c4 20 41 5f 5d 5b c3 cc cc cc cc cc
0x00007ffbbefb3090:   40 53 48 83 ec 20 4c 8b d2 4c 8b ca 49 c1 ea 07
0x00007ffbbefb30a0:   48 8b d9 44 33 d2 33 d2 41 8b c2 f7 31 48 8b 41
0x00007ffbbefb30b0:   08 4c 63 c2 4a 8b 04 c0 48 85 c0 74 12 0f 1f 00
0x00007ffbbefb30c0:   4c 39 48 10 74 55 48 8b 40 08 48 85 c0 75 f1 4d
0x00007ffbbefb30d0:   8b c1 41 8b d2 e8 36 71 07 00 4c 8b c8 33 d2 8b
0x00007ffbbefb30e0:   00 f7 33 48 63 ca 4c 8d 04 cd 00 00 00 00 48 8b
0x00007ffbbefb30f0:   4b 08 49 8b 14 08 49 89 51 08 48 8b 4b 08 4d 89
0x00007ffbbefb3100:   0c 08 48 8d 4b 18 8b 43 14 ff c0 89 43 14 e8 ed
0x00007ffbbefb3110:   27 48 00 b0 01 48 83 c4 20 5b c3 32 c0 48 83 c4
0x00007ffbbefb3120:   20 5b c3 cc cc cc cc cc cc cc cc cc cc cc cc cc
0x00007ffbbefb3130:   4c 8b dc 41 55 48 83 ec 70 48 8d 05 90 cf 61 00
0x00007ffbbefb3140:   49 89 53 b0 49 89 43 a8 4c 8b e9 48 8d 05 6e cf
0x00007ffbbefb3150:   61 00 c6 44 24 30 00 49 89 43 c0 49 8d 43 a8 49
0x00007ffbbefb3160:   89 6b 10 48 8b 29 49 89 43 c8 c6 44 24 48 00 48
0x00007ffbbefb3170:   85 ed 0f 84 1b 01 00 00 4d 89 73 e0 45 33 f6 4d
0x00007ffbbefb3180:   89 7b d8 45 33 ff 44 39 75 00 0f 8e ec 00 00 00
0x00007ffbbefb3190:   49 89 5b 08 49 89 73 18 49 89 7b f0 4d 89 63 e8
0x00007ffbbefb31a0:   45 33 e4 48 8b 45 08 33 ff 49 8b 1c 04 48 85 db
0x00007ffbbefb31b0:   0f 84 9b 00 00 00 66 66 0f 1f 84 00 00 00 00 00 


Stack slot to memory mapping:
stack at sp + 0 slots: 0x000001d38a6c3860 is at entry_point+0 in (nmethod*)0x000001d38a6c3510
stack at sp + 1 slots: 0x00007ffbbe000000 is an unknown value
stack at sp + 2 slots: 0x000000cf5b3fe510 is pointing into the stack for thread: 0x000001d3aec217c0
stack at sp + 3 slots: 0x000001d38a6c3860 is at entry_point+0 in (nmethod*)0x000001d38a6c3510
stack at sp + 4 slots: 0x000001d38a6c3510 is at entry_point+-848 in (nmethod*)0x000001d38a6c3510
stack at sp + 5 slots: 0x00007ffbbefb2f38 jvm.dll
stack at sp + 6 slots: 0x000001d38a6c4500 is at entry_point+3232 in (nmethod*)0x000001d38a6c3510
stack at sp + 7 slots: 0x00007ffbbef0c838 jvm.dll


---------------  P R O C E S S  ---------------

Threads class SMR info:
_java_thread_list=0x000001d3aed7af40, length=13, elements={
0x000001d3826a54e0, 0x000001d3ae3ea7b0, 0x000001d3ae3eb360, 0x000001d3aec12ed0,
0x000001d3aec13880, 0x000001d3aec14230, 0x000001d3aec14be0, 0x000001d3aec18dc0,
0x000001d3aec217c0, 0x000001d3aec2e9e0, 0x000001d3ae3d41b0, 0x000001d3aef7e8e0,
0x000001d3aef81230
}

Java Threads: ( => current thread )
  0x000001d3826a54e0 JavaThread "main" [_thread_blocked, id=17248, stack(0x000000cf5a500000,0x000000cf5a600000)]
  0x000001d3ae3ea7b0 JavaThread "Reference Handler" daemon [_thread_blocked, id=1760, stack(0x000000cf5ac00000,0x000000cf5ad00000)]
  0x000001d3ae3eb360 JavaThread "Finalizer" daemon [_thread_blocked, id=12380, stack(0x000000cf5ad00000,0x000000cf5ae00000)]
  0x000001d3aec12ed0 JavaThread "Signal Dispatcher" daemon [_thread_blocked, id=4528, stack(0x000000cf5ae00000,0x000000cf5af00000)]
  0x000001d3aec13880 JavaThread "Attach Listener" daemon [_thread_blocked, id=908, stack(0x000000cf5af00000,0x000000cf5b000000)]
  0x000001d3aec14230 JavaThread "Service Thread" daemon [_thread_blocked, id=10612, stack(0x000000cf5b000000,0x000000cf5b100000)]
  0x000001d3aec14be0 JavaThread "Monitor Deflation Thread" daemon [_thread_blocked, id=18412, stack(0x000000cf5b100000,0x000000cf5b200000)]
  0x000001d3aec18dc0 JavaThread "C2 CompilerThread0" daemon [_thread_blocked, id=15096, stack(0x000000cf5b200000,0x000000cf5b300000)]
=>0x000001d3aec217c0 JavaThread "C1 CompilerThread0" daemon [_thread_in_vm, id=6400, stack(0x000000cf5b300000,0x000000cf5b400000)]
  0x000001d3aec2e9e0 JavaThread "Sweeper thread" daemon [_thread_blocked, id=14856, stack(0x000000cf5b400000,0x000000cf5b500000)]
  0x000001d3ae3d41b0 JavaThread "Common-Cleaner" daemon [_thread_blocked, id=2976, stack(0x000000cf5b500000,0x000000cf5b600000)]
  0x000001d3aef7e8e0 JavaThread "Monitor Ctrl-Break" daemon [_thread_in_native, id=4308, stack(0x000000cf5b600000,0x000000cf5b700000)]
  0x000001d3aef81230 JavaThread "Notification Thread" daemon [_thread_blocked, id=10096, stack(0x000000cf5b700000,0x000000cf5b800000)]

Other Threads:
  0x000001d3ae3e3060 VMThread "VM Thread" [stack: 0x000000cf5ab00000,0x000000cf5ac00000] [id=13824]
  0x000001d3827765c0 WatcherThread [stack: 0x000000cf5b800000,0x000000cf5b900000] [id=16456]
  0x000001d382752000 GCTaskThread "GC Thread#0" [stack: 0x000000cf5a600000,0x000000cf5a700000] [id=10100]
  0x000001d3b4f677c0 GCTaskThread "GC Thread#1" [stack: 0x000000cf5be00000,0x000000cf5bf00000] [id=5560]
  0x000001d3b4f5e440 GCTaskThread "GC Thread#2" [stack: 0x000000cf5bf00000,0x000000cf5c000000] [id=19584]
  0x000001d3b4f5e6f0 GCTaskThread "GC Thread#3" [stack: 0x000000cf5c000000,0x000000cf5c100000] [id=19864]
  0x000001d382763030 ConcurrentGCThread "G1 Main Marker" [stack: 0x000000cf5a700000,0x000000cf5a800000] [id=19348]
  0x000001d3827651f0 ConcurrentGCThread "G1 Conc#0" [stack: 0x000000cf5a800000,0x000000cf5a900000] [id=4032]
  0x000001d3ae29c6f0 ConcurrentGCThread "G1 Refine#0" [stack: 0x000000cf5a900000,0x000000cf5aa00000] [id=8264]
  0x000001d3ae29cfb0 ConcurrentGCThread "G1 Service" [stack: 0x000000cf5aa00000,0x000000cf5ab00000] [id=8516]

Threads with active compile tasks:
C1 CompilerThread0     3045 1324       3       imgui.gl3.ImGuiImplGl3::renderDrawData (403 bytes)

VM state: not at safepoint (normal execution)

VM Mutex/Monitor currently owned by a thread:  ([mutex/lock_event])
[0x000001d3826a0600] CodeCache_lock - owner thread: 0x000001d3aec217c0
[0x000001d3826a1d60] Compile_lock - owner thread: 0x000001d3aec217c0
[0x000001d3826a2c00] MethodCompileQueue_lock - owner thread: 0x000001d3aec217c0

Heap address: 0x0000000600c00000, size: 8180 MB, Compressed Oops mode: Zero based, Oop shift amount: 3

CDS archive(s) mapped at: [0x0000000800000000-0x0000000800bc0000-0x0000000800bc0000), size 12320768, SharedBaseAddress: 0x0000000800000000, ArchiveRelocationMode: 0.
Compressed class space mapped at: 0x0000000800c00000-0x0000000840c00000, reserved size: 1073741824
Narrow klass base: 0x0000000800000000, Narrow klass shift: 0, Narrow klass range: 0x100000000

GC Precious Log:
 CPUs: 4 total, 4 available
 Memory: 32719M
 Large Page Support: Disabled
 NUMA Support: Disabled
 Compressed Oops: Enabled (Zero based)
 Heap Region Size: 4M
 Heap Min Capacity: 8M
 Heap Initial Capacity: 512M
 Heap Max Capacity: 8180M
 Pre-touch: Disabled
 Parallel Workers: 4
 Concurrent Workers: 1
 Concurrent Refinement Workers: 4
 Periodic GC: Disabled

Heap:
 garbage-first heap   total 524288K, used 3976K [0x0000000600c00000, 0x0000000800000000)
  region size 4096K, 2 young (8192K), 1 survivors (4096K)
 Metaspace       used 6687K, committed 6976K, reserved 1056768K
  class space    used 477K, committed 640K, reserved 1048576K

Heap Regions: E=young(eden), S=young(survivor), O=old, HS=humongous(starts), HC=humongous(continues), CS=collection set, F=free, OA=open archive, CA=closed archive, TAMS=top-at-mark-start (previous, next)
|   0|0x0000000600c00000, 0x0000000600c00000, 0x0000000601000000|  0%| F|  |TAMS 0x0000000600c00000, 0x0000000600c00000| Untracked 
|   1|0x0000000601000000, 0x0000000601000000, 0x0000000601400000|  0%| F|  |TAMS 0x0000000601000000, 0x0000000601000000| Untracked 
|   2|0x0000000601400000, 0x0000000601400000, 0x0000000601800000|  0%| F|  |TAMS 0x0000000601400000, 0x0000000601400000| Untracked 
|   3|0x0000000601800000, 0x0000000601800000, 0x0000000601c00000|  0%| F|  |TAMS 0x0000000601800000, 0x0000000601800000| Untracked 
|   4|0x0000000601c00000, 0x0000000601c00000, 0x0000000602000000|  0%| F|  |TAMS 0x0000000601c00000, 0x0000000601c00000| Untracked 
|   5|0x0000000602000000, 0x0000000602000000, 0x0000000602400000|  0%| F|  |TAMS 0x0000000602000000, 0x0000000602000000| Untracked 
|   6|0x0000000602400000, 0x0000000602400000, 0x0000000602800000|  0%| F|  |TAMS 0x0000000602400000, 0x0000000602400000| Untracked 
|   7|0x0000000602800000, 0x0000000602800000, 0x0000000602c00000|  0%| F|  |TAMS 0x0000000602800000, 0x0000000602800000| Untracked 
|   8|0x0000000602c00000, 0x0000000602c00000, 0x0000000603000000|  0%| F|  |TAMS 0x0000000602c00000, 0x0000000602c00000| Untracked 
|   9|0x0000000603000000, 0x0000000603000000, 0x0000000603400000|  0%| F|  |TAMS 0x0000000603000000, 0x0000000603000000| Untracked 
|  10|0x0000000603400000, 0x0000000603400000, 0x0000000603800000|  0%| F|  |TAMS 0x0000000603400000, 0x0000000603400000| Untracked 
|  11|0x0000000603800000, 0x0000000603800000, 0x0000000603c00000|  0%| F|  |TAMS 0x0000000603800000, 0x0000000603800000| Untracked 
|  12|0x0000000603c00000, 0x0000000603c00000, 0x0000000604000000|  0%| F|  |TAMS 0x0000000603c00000, 0x0000000603c00000| Untracked 
|  13|0x0000000604000000, 0x0000000604000000, 0x0000000604400000|  0%| F|  |TAMS 0x0000000604000000, 0x0000000604000000| Untracked 
|  14|0x0000000604400000, 0x0000000604400000, 0x0000000604800000|  0%| F|  |TAMS 0x0000000604400000, 0x0000000604400000| Untracked 
|  15|0x0000000604800000, 0x0000000604800000, 0x0000000604c00000|  0%| F|  |TAMS 0x0000000604800000, 0x0000000604800000| Untracked 
|  16|0x0000000604c00000, 0x0000000604c00000, 0x0000000605000000|  0%| F|  |TAMS 0x0000000604c00000, 0x0000000604c00000| Untracked 
|  17|0x0000000605000000, 0x0000000605000000, 0x0000000605400000|  0%| F|  |TAMS 0x0000000605000000, 0x0000000605000000| Untracked 
|  18|0x0000000605400000, 0x0000000605400000, 0x0000000605800000|  0%| F|  |TAMS 0x0000000605400000, 0x0000000605400000| Untracked 
|  19|0x0000000605800000, 0x0000000605800000, 0x0000000605c00000|  0%| F|  |TAMS 0x0000000605800000, 0x0000000605800000| Untracked 
|  20|0x0000000605c00000, 0x0000000605c00000, 0x0000000606000000|  0%| F|  |TAMS 0x0000000605c00000, 0x0000000605c00000| Untracked 
|  21|0x0000000606000000, 0x0000000606000000, 0x0000000606400000|  0%| F|  |TAMS 0x0000000606000000, 0x0000000606000000| Untracked 
|  22|0x0000000606400000, 0x0000000606400000, 0x0000000606800000|  0%| F|  |TAMS 0x0000000606400000, 0x0000000606400000| Untracked 
|  23|0x0000000606800000, 0x0000000606800000, 0x0000000606c00000|  0%| F|  |TAMS 0x0000000606800000, 0x0000000606800000| Untracked 
|  24|0x0000000606c00000, 0x0000000606c00000, 0x0000000607000000|  0%| F|  |TAMS 0x0000000606c00000, 0x0000000606c00000| Untracked 
|  25|0x0000000607000000, 0x0000000607000000, 0x0000000607400000|  0%| F|  |TAMS 0x0000000607000000, 0x0000000607000000| Untracked 
|  26|0x0000000607400000, 0x0000000607400000, 0x0000000607800000|  0%| F|  |TAMS 0x0000000607400000, 0x0000000607400000| Untracked 
|  27|0x0000000607800000, 0x0000000607800000, 0x0000000607c00000|  0%| F|  |TAMS 0x0000000607800000, 0x0000000607800000| Untracked 
|  28|0x0000000607c00000, 0x0000000607c00000, 0x0000000608000000|  0%| F|  |TAMS 0x0000000607c00000, 0x0000000607c00000| Untracked 
|  29|0x0000000608000000, 0x0000000608000000, 0x0000000608400000|  0%| F|  |TAMS 0x0000000608000000, 0x0000000608000000| Untracked 
|  30|0x0000000608400000, 0x0000000608400000, 0x0000000608800000|  0%| F|  |TAMS 0x0000000608400000, 0x0000000608400000| Untracked 
|  31|0x0000000608800000, 0x0000000608800000, 0x0000000608c00000|  0%| F|  |TAMS 0x0000000608800000, 0x0000000608800000| Untracked 
|  32|0x0000000608c00000, 0x0000000608c00000, 0x0000000609000000|  0%| F|  |TAMS 0x0000000608c00000, 0x0000000608c00000| Untracked 
|  33|0x0000000609000000, 0x0000000609000000, 0x0000000609400000|  0%| F|  |TAMS 0x0000000609000000, 0x0000000609000000| Untracked 
|  34|0x0000000609400000, 0x0000000609400000, 0x0000000609800000|  0%| F|  |TAMS 0x0000000609400000, 0x0000000609400000| Untracked 
|  35|0x0000000609800000, 0x0000000609800000, 0x0000000609c00000|  0%| F|  |TAMS 0x0000000609800000, 0x0000000609800000| Untracked 
|  36|0x0000000609c00000, 0x0000000609c00000, 0x000000060a000000|  0%| F|  |TAMS 0x0000000609c00000, 0x0000000609c00000| Untracked 
|  37|0x000000060a000000, 0x000000060a000000, 0x000000060a400000|  0%| F|  |TAMS 0x000000060a000000, 0x000000060a000000| Untracked 
|  38|0x000000060a400000, 0x000000060a400000, 0x000000060a800000|  0%| F|  |TAMS 0x000000060a400000, 0x000000060a400000| Untracked 
|  39|0x000000060a800000, 0x000000060a800000, 0x000000060ac00000|  0%| F|  |TAMS 0x000000060a800000, 0x000000060a800000| Untracked 
|  40|0x000000060ac00000, 0x000000060ac00000, 0x000000060b000000|  0%| F|  |TAMS 0x000000060ac00000, 0x000000060ac00000| Untracked 
|  41|0x000000060b000000, 0x000000060b000000, 0x000000060b400000|  0%| F|  |TAMS 0x000000060b000000, 0x000000060b000000| Untracked 
|  42|0x000000060b400000, 0x000000060b400000, 0x000000060b800000|  0%| F|  |TAMS 0x000000060b400000, 0x000000060b400000| Untracked 
|  43|0x000000060b800000, 0x000000060b800000, 0x000000060bc00000|  0%| F|  |TAMS 0x000000060b800000, 0x000000060b800000| Untracked 
|  44|0x000000060bc00000, 0x000000060bc00000, 0x000000060c000000|  0%| F|  |TAMS 0x000000060bc00000, 0x000000060bc00000| Untracked 
|  45|0x000000060c000000, 0x000000060c000000, 0x000000060c400000|  0%| F|  |TAMS 0x000000060c000000, 0x000000060c000000| Untracked 
|  46|0x000000060c400000, 0x000000060c400000, 0x000000060c800000|  0%| F|  |TAMS 0x000000060c400000, 0x000000060c400000| Untracked 
|  47|0x000000060c800000, 0x000000060c800000, 0x000000060cc00000|  0%| F|  |TAMS 0x000000060c800000, 0x000000060c800000| Untracked 
|  48|0x000000060cc00000, 0x000000060cc00000, 0x000000060d000000|  0%| F|  |TAMS 0x000000060cc00000, 0x000000060cc00000| Untracked 
|  49|0x000000060d000000, 0x000000060d000000, 0x000000060d400000|  0%| F|  |TAMS 0x000000060d000000, 0x000000060d000000| Untracked 
|  50|0x000000060d400000, 0x000000060d400000, 0x000000060d800000|  0%| F|  |TAMS 0x000000060d400000, 0x000000060d400000| Untracked 
|  51|0x000000060d800000, 0x000000060d800000, 0x000000060dc00000|  0%| F|  |TAMS 0x000000060d800000, 0x000000060d800000| Untracked 
|  52|0x000000060dc00000, 0x000000060dc00000, 0x000000060e000000|  0%| F|  |TAMS 0x000000060dc00000, 0x000000060dc00000| Untracked 
|  53|0x000000060e000000, 0x000000060e000000, 0x000000060e400000|  0%| F|  |TAMS 0x000000060e000000, 0x000000060e000000| Untracked 
|  54|0x000000060e400000, 0x000000060e400000, 0x000000060e800000|  0%| F|  |TAMS 0x000000060e400000, 0x000000060e400000| Untracked 
|  55|0x000000060e800000, 0x000000060e800000, 0x000000060ec00000|  0%| F|  |TAMS 0x000000060e800000, 0x000000060e800000| Untracked 
|  56|0x000000060ec00000, 0x000000060ec00000, 0x000000060f000000|  0%| F|  |TAMS 0x000000060ec00000, 0x000000060ec00000| Untracked 
|  57|0x000000060f000000, 0x000000060f000000, 0x000000060f400000|  0%| F|  |TAMS 0x000000060f000000, 0x000000060f000000| Untracked 
|  58|0x000000060f400000, 0x000000060f400000, 0x000000060f800000|  0%| F|  |TAMS 0x000000060f400000, 0x000000060f400000| Untracked 
|  59|0x000000060f800000, 0x000000060f800000, 0x000000060fc00000|  0%| F|  |TAMS 0x000000060f800000, 0x000000060f800000| Untracked 
|  60|0x000000060fc00000, 0x000000060fc00000, 0x0000000610000000|  0%| F|  |TAMS 0x000000060fc00000, 0x000000060fc00000| Untracked 
|  61|0x0000000610000000, 0x0000000610000000, 0x0000000610400000|  0%| F|  |TAMS 0x0000000610000000, 0x0000000610000000| Untracked 
|  62|0x0000000610400000, 0x0000000610400000, 0x0000000610800000|  0%| F|  |TAMS 0x0000000610400000, 0x0000000610400000| Untracked 
|  63|0x0000000610800000, 0x0000000610800000, 0x0000000610c00000|  0%| F|  |TAMS 0x0000000610800000, 0x0000000610800000| Untracked 
|  64|0x0000000610c00000, 0x0000000610c00000, 0x0000000611000000|  0%| F|  |TAMS 0x0000000610c00000, 0x0000000610c00000| Untracked 
|  65|0x0000000611000000, 0x0000000611000000, 0x0000000611400000|  0%| F|  |TAMS 0x0000000611000000, 0x0000000611000000| Untracked 
|  66|0x0000000611400000, 0x0000000611400000, 0x0000000611800000|  0%| F|  |TAMS 0x0000000611400000, 0x0000000611400000| Untracked 
|  67|0x0000000611800000, 0x0000000611800000, 0x0000000611c00000|  0%| F|  |TAMS 0x0000000611800000, 0x0000000611800000| Untracked 
|  68|0x0000000611c00000, 0x0000000611c00000, 0x0000000612000000|  0%| F|  |TAMS 0x0000000611c00000, 0x0000000611c00000| Untracked 
|  69|0x0000000612000000, 0x0000000612000000, 0x0000000612400000|  0%| F|  |TAMS 0x0000000612000000, 0x0000000612000000| Untracked 
|  70|0x0000000612400000, 0x0000000612400000, 0x0000000612800000|  0%| F|  |TAMS 0x0000000612400000, 0x0000000612400000| Untracked 
|  71|0x0000000612800000, 0x0000000612800000, 0x0000000612c00000|  0%| F|  |TAMS 0x0000000612800000, 0x0000000612800000| Untracked 
|  72|0x0000000612c00000, 0x0000000612c00000, 0x0000000613000000|  0%| F|  |TAMS 0x0000000612c00000, 0x0000000612c00000| Untracked 
|  73|0x0000000613000000, 0x0000000613000000, 0x0000000613400000|  0%| F|  |TAMS 0x0000000613000000, 0x0000000613000000| Untracked 
|  74|0x0000000613400000, 0x0000000613400000, 0x0000000613800000|  0%| F|  |TAMS 0x0000000613400000, 0x0000000613400000| Untracked 
|  75|0x0000000613800000, 0x0000000613800000, 0x0000000613c00000|  0%| F|  |TAMS 0x0000000613800000, 0x0000000613800000| Untracked 
|  76|0x0000000613c00000, 0x0000000613c00000, 0x0000000614000000|  0%| F|  |TAMS 0x0000000613c00000, 0x0000000613c00000| Untracked 
|  77|0x0000000614000000, 0x0000000614000000, 0x0000000614400000|  0%| F|  |TAMS 0x0000000614000000, 0x0000000614000000| Untracked 
|  78|0x0000000614400000, 0x0000000614400000, 0x0000000614800000|  0%| F|  |TAMS 0x0000000614400000, 0x0000000614400000| Untracked 
|  79|0x0000000614800000, 0x0000000614800000, 0x0000000614c00000|  0%| F|  |TAMS 0x0000000614800000, 0x0000000614800000| Untracked 
|  80|0x0000000614c00000, 0x0000000614c00000, 0x0000000615000000|  0%| F|  |TAMS 0x0000000614c00000, 0x0000000614c00000| Untracked 
|  81|0x0000000615000000, 0x0000000615000000, 0x0000000615400000|  0%| F|  |TAMS 0x0000000615000000, 0x0000000615000000| Untracked 
|  82|0x0000000615400000, 0x0000000615400000, 0x0000000615800000|  0%| F|  |TAMS 0x0000000615400000, 0x0000000615400000| Untracked 
|  83|0x0000000615800000, 0x0000000615800000, 0x0000000615c00000|  0%| F|  |TAMS 0x0000000615800000, 0x0000000615800000| Untracked 
|  84|0x0000000615c00000, 0x0000000615c00000, 0x0000000616000000|  0%| F|  |TAMS 0x0000000615c00000, 0x0000000615c00000| Untracked 
|  85|0x0000000616000000, 0x0000000616000000, 0x0000000616400000|  0%| F|  |TAMS 0x0000000616000000, 0x0000000616000000| Untracked 
|  86|0x0000000616400000, 0x0000000616400000, 0x0000000616800000|  0%| F|  |TAMS 0x0000000616400000, 0x0000000616400000| Untracked 
|  87|0x0000000616800000, 0x0000000616800000, 0x0000000616c00000|  0%| F|  |TAMS 0x0000000616800000, 0x0000000616800000| Untracked 
|  88|0x0000000616c00000, 0x0000000616c00000, 0x0000000617000000|  0%| F|  |TAMS 0x0000000616c00000, 0x0000000616c00000| Untracked 
|  89|0x0000000617000000, 0x0000000617000000, 0x0000000617400000|  0%| F|  |TAMS 0x0000000617000000, 0x0000000617000000| Untracked 
|  90|0x0000000617400000, 0x0000000617400000, 0x0000000617800000|  0%| F|  |TAMS 0x0000000617400000, 0x0000000617400000| Untracked 
|  91|0x0000000617800000, 0x0000000617800000, 0x0000000617c00000|  0%| F|  |TAMS 0x0000000617800000, 0x0000000617800000| Untracked 
|  92|0x0000000617c00000, 0x0000000617c00000, 0x0000000618000000|  0%| F|  |TAMS 0x0000000617c00000, 0x0000000617c00000| Untracked 
|  93|0x0000000618000000, 0x0000000618000000, 0x0000000618400000|  0%| F|  |TAMS 0x0000000618000000, 0x0000000618000000| Untracked 
|  94|0x0000000618400000, 0x0000000618400000, 0x0000000618800000|  0%| F|  |TAMS 0x0000000618400000, 0x0000000618400000| Untracked 
|  95|0x0000000618800000, 0x0000000618800000, 0x0000000618c00000|  0%| F|  |TAMS 0x0000000618800000, 0x0000000618800000| Untracked 
|  96|0x0000000618c00000, 0x0000000618c00000, 0x0000000619000000|  0%| F|  |TAMS 0x0000000618c00000, 0x0000000618c00000| Untracked 
|  97|0x0000000619000000, 0x0000000619000000, 0x0000000619400000|  0%| F|  |TAMS 0x0000000619000000, 0x0000000619000000| Untracked 
|  98|0x0000000619400000, 0x0000000619400000, 0x0000000619800000|  0%| F|  |TAMS 0x0000000619400000, 0x0000000619400000| Untracked 
|  99|0x0000000619800000, 0x0000000619800000, 0x0000000619c00000|  0%| F|  |TAMS 0x0000000619800000, 0x0000000619800000| Untracked 
| 100|0x0000000619c00000, 0x0000000619c00000, 0x000000061a000000|  0%| F|  |TAMS 0x0000000619c00000, 0x0000000619c00000| Untracked 
| 101|0x000000061a000000, 0x000000061a000000, 0x000000061a400000|  0%| F|  |TAMS 0x000000061a000000, 0x000000061a000000| Untracked 
| 102|0x000000061a400000, 0x000000061a400000, 0x000000061a800000|  0%| F|  |TAMS 0x000000061a400000, 0x000000061a400000| Untracked 
| 103|0x000000061a800000, 0x000000061a800000, 0x000000061ac00000|  0%| F|  |TAMS 0x000000061a800000, 0x000000061a800000| Untracked 
| 104|0x000000061ac00000, 0x000000061ac00000, 0x000000061b000000|  0%| F|  |TAMS 0x000000061ac00000, 0x000000061ac00000| Untracked 
| 105|0x000000061b000000, 0x000000061b000000, 0x000000061b400000|  0%| F|  |TAMS 0x000000061b000000, 0x000000061b000000| Untracked 
| 106|0x000000061b400000, 0x000000061b400000, 0x000000061b800000|  0%| F|  |TAMS 0x000000061b400000, 0x000000061b400000| Untracked 
| 107|0x000000061b800000, 0x000000061b800000, 0x000000061bc00000|  0%| F|  |TAMS 0x000000061b800000, 0x000000061b800000| Untracked 
| 108|0x000000061bc00000, 0x000000061bc00000, 0x000000061c000000|  0%| F|  |TAMS 0x000000061bc00000, 0x000000061bc00000| Untracked 
| 109|0x000000061c000000, 0x000000061c000000, 0x000000061c400000|  0%| F|  |TAMS 0x000000061c000000, 0x000000061c000000| Untracked 
| 110|0x000000061c400000, 0x000000061c400000, 0x000000061c800000|  0%| F|  |TAMS 0x000000061c400000, 0x000000061c400000| Untracked 
| 111|0x000000061c800000, 0x000000061c800000, 0x000000061cc00000|  0%| F|  |TAMS 0x000000061c800000, 0x000000061c800000| Untracked 
| 112|0x000000061cc00000, 0x000000061cc00000, 0x000000061d000000|  0%| F|  |TAMS 0x000000061cc00000, 0x000000061cc00000| Untracked 
| 113|0x000000061d000000, 0x000000061d000000, 0x000000061d400000|  0%| F|  |TAMS 0x000000061d000000, 0x000000061d000000| Untracked 
| 114|0x000000061d400000, 0x000000061d400000, 0x000000061d800000|  0%| F|  |TAMS 0x000000061d400000, 0x000000061d400000| Untracked 
| 115|0x000000061d800000, 0x000000061d800000, 0x000000061dc00000|  0%| F|  |TAMS 0x000000061d800000, 0x000000061d800000| Untracked 
| 116|0x000000061dc00000, 0x000000061dc00000, 0x000000061e000000|  0%| F|  |TAMS 0x000000061dc00000, 0x000000061dc00000| Untracked 
| 117|0x000000061e000000, 0x000000061e000000, 0x000000061e400000|  0%| F|  |TAMS 0x000000061e000000, 0x000000061e000000| Untracked 
| 118|0x000000061e400000, 0x000000061e400000, 0x000000061e800000|  0%| F|  |TAMS 0x000000061e400000, 0x000000061e400000| Untracked 
| 119|0x000000061e800000, 0x000000061e800000, 0x000000061ec00000|  0%| F|  |TAMS 0x000000061e800000, 0x000000061e800000| Untracked 
| 120|0x000000061ec00000, 0x000000061ec00000, 0x000000061f000000|  0%| F|  |TAMS 0x000000061ec00000, 0x000000061ec00000| Untracked 
| 121|0x000000061f000000, 0x000000061f3e22c0, 0x000000061f400000| 97%| S|CS|TAMS 0x000000061f000000, 0x000000061f000000| Complete 
| 122|0x000000061f400000, 0x000000061f400000, 0x000000061f800000|  0%| F|  |TAMS 0x000000061f400000, 0x000000061f400000| Untracked 
| 123|0x000000061f800000, 0x000000061f800000, 0x000000061fc00000|  0%| F|  |TAMS 0x000000061f800000, 0x000000061f800000| Untracked 
| 124|0x000000061fc00000, 0x000000061fc00000, 0x0000000620000000|  0%| F|  |TAMS 0x000000061fc00000, 0x000000061fc00000| Untracked 
| 125|0x0000000620000000, 0x0000000620000000, 0x0000000620400000|  0%| F|  |TAMS 0x0000000620000000, 0x0000000620000000| Untracked 
| 126|0x0000000620400000, 0x0000000620400000, 0x0000000620800000|  0%| F|  |TAMS 0x0000000620400000, 0x0000000620400000| Untracked 
| 127|0x0000000620800000, 0x0000000620862618, 0x0000000620c00000|  9%| E|  |TAMS 0x0000000620800000, 0x0000000620800000| Complete 

Card table byte_map: [0x000001d399f20000,0x000001d39af20000] _byte_map_base: 0x000001d396f1a000

Marking Bits (Prev, Next): (CMBitMap*) 0x000001d382752610, (CMBitMap*) 0x000001d382752650
 Prev Bits: [0x000001d39bf20000, 0x000001d3a3ef0000)
 Next Bits: [0x000001d3a3ef0000, 0x000001d3abec0000)

Polling page: 0x000001d380690000

Metaspace:

Usage:
  Non-class:      6.06 MB used.
      Class:    477.12 KB used.
       Both:      6.53 MB used.

Virtual space:
  Non-class space:        8.00 MB reserved,       6.19 MB ( 77%) committed,  1 nodes.
      Class space:        1.00 GB reserved,     640.00 KB ( <1%) committed,  1 nodes.
             Both:        1.01 GB reserved,       6.81 MB ( <1%) committed. 

Chunk freelists:
   Non-Class:  752.00 KB
       Class:  3.23 MB
        Both:  3.97 MB

MaxMetaspaceSize: unlimited
CompressedClassSpaceSize: 1.00 GB
Initial GC threshold: 21.00 MB
Current GC threshold: 21.00 MB
CDS: on
MetaspaceReclaimPolicy: balanced
 - commit_granule_bytes: 65536.
 - commit_granule_words: 8192.
 - virtual_space_node_default_size: 1048576.
 - enlarge_chunks_in_place: 1.
 - new_chunks_are_fully_committed: 0.
 - uncommit_free_chunks: 1.
 - use_allocation_guard: 0.
 - handle_deallocations: 1.


Internal statistics:

num_allocs_failed_limit: 0.
num_arena_births: 190.
num_arena_deaths: 0.
num_vsnodes_births: 2.
num_vsnodes_deaths: 0.
num_space_committed: 107.
num_space_uncommitted: 0.
num_chunks_returned_to_freelist: 0.
num_chunks_taken_from_freelist: 373.
num_chunk_merges: 0.
num_chunk_splits: 233.
num_chunks_enlarged: 141.
num_purges: 0.
num_inconsistent_stats: 0.

CodeHeap 'non-profiled nmethods': size=120000Kb used=413Kb max_used=413Kb free=119586Kb
 bounds [0x000001d3919f0000, 0x000001d391c60000, 0x000001d398f20000]
CodeHeap 'profiled nmethods': size=120000Kb used=2067Kb max_used=2067Kb free=117932Kb
 bounds [0x000001d38a4c0000, 0x000001d38a730000, 0x000001d3919f0000]
CodeHeap 'non-nmethods': size=5760Kb used=1720Kb max_used=1737Kb free=4039Kb
 bounds [0x000001d389f20000, 0x000001d38a190000, 0x000001d38a4c0000]
 total_blobs=2511 nmethods=1322 adapters=1101
 compilation: enabled
              stopped_count=0, restarted_count=0
 full_count=0

Compilation events (20 events):
Event: 2.664 Thread 0x000001d3aec217c0 nmethod 1311 0x000001d38a6be610 code [0x000001d38a6be920, 0x000001d38a6bf7b8]
Event: 2.664 Thread 0x000001d3aec217c0 1312       3       gui.sections.GUIScene::onGUIRender (81 bytes)
Event: 2.664 Thread 0x000001d3aec217c0 nmethod 1312 0x000001d38a6bfe10 code [0x000001d38a6c0040, 0x000001d38a6c0a18]
Event: 2.698 Thread 0x000001d3aec18dc0 1313       4       org.lwjgl.opengl.GL30::glFramebufferTexture2D (10 bytes)
Event: 2.698 Thread 0x000001d3aec18dc0 nmethod 1313 0x000001d391a55e10 code [0x000001d391a55fa0, 0x000001d391a56028]
Event: 2.795 Thread 0x000001d3aec217c0 1315       3       org.lwjgl.glfw.GLFW::glfwGetWindowAttrib (22 bytes)
Event: 2.795 Thread 0x000001d3aec217c0 nmethod 1315 0x000001d38a6c0d10 code [0x000001d38a6c0ec0, 0x000001d38a6c1178]
Event: 2.807 Thread 0x000001d3aec18dc0 1316       4       org.lwjgl.opengl.GL20C::glUniformMatrix4fv (30 bytes)
Event: 2.809 Thread 0x000001d3aec18dc0 nmethod 1316 0x000001d391a56510 code [0x000001d391a566a0, 0x000001d391a567c8]
Event: 2.814 Thread 0x000001d3aec18dc0 1317       4       org.lwjgl.opengl.GL11::glBindTexture (6 bytes)
Event: 2.814 Thread 0x000001d3aec18dc0 nmethod 1317 0x000001d391a56990 code [0x000001d391a56b20, 0x000001d391a56ba8]
Event: 2.915 Thread 0x000001d3aec217c0 1318       3       jdk.internal.ref.PhantomCleanable::clean (16 bytes)
Event: 2.915 Thread 0x000001d3aec217c0 nmethod 1318 0x000001d38a6c1310 code [0x000001d38a6c14e0, 0x000001d38a6c17a8]
Event: 2.915 Thread 0x000001d3aec217c0 1319       3       jdk.internal.ref.CleanerImpl$PhantomCleanableRef::performCleanup (10 bytes)
Event: 2.915 Thread 0x000001d3aec217c0 nmethod 1319 0x000001d38a6c1890 code [0x000001d38a6c1a40, 0x000001d38a6c1c28]
Event: 2.915 Thread 0x000001d3aec217c0 1322       3       java.util.ArrayDeque::addLast (51 bytes)
Event: 2.915 Thread 0x000001d3aec217c0 nmethod 1322 0x000001d38a6c1d10 code [0x000001d38a6c1ee0, 0x000001d38a6c23b8]
Event: 2.934 Thread 0x000001d3aec217c0 1323       3       glparts.Shaders::getUniformID (75 bytes)
Event: 2.935 Thread 0x000001d3aec217c0 nmethod 1323 0x000001d38a6c2590 code [0x000001d38a6c27e0, 0x000001d38a6c3198]
Event: 2.947 Thread 0x000001d3aec217c0 1324       3       imgui.gl3.ImGuiImplGl3::renderDrawData (403 bytes)

GC Heap History (2 events):
Event: 2.910 GC heap before
{Heap before GC invocations=0 (full 0):
 garbage-first heap   total 524288K, used 24576K [0x0000000600c00000, 0x0000000800000000)
  region size 4096K, 6 young (24576K), 0 survivors (0K)
 Metaspace       used 6679K, committed 6976K, reserved 1056768K
  class space    used 476K, committed 640K, reserved 1048576K
}
Event: 2.914 GC heap after
{Heap after GC invocations=1 (full 0):
 garbage-first heap   total 524288K, used 3976K [0x0000000600c00000, 0x0000000800000000)
  region size 4096K, 1 young (4096K), 1 survivors (4096K)
 Metaspace       used 6679K, committed 6976K, reserved 1056768K
  class space    used 476K, committed 640K, reserved 1048576K
}

Deoptimization events (20 events):
Event: 1.988 Thread 0x000001d3826a54e0 Uncommon trap: trap_request=0xffffffc6 fr.pc=0x000001d391a4b1d8 relative=0x0000000000000098
Event: 1.988 Thread 0x000001d3826a54e0 Uncommon trap: reason=bimorphic_or_optimized_type_check action=maybe_recompile pc=0x000001d391a4b1d8 method=window.input.Key.update(Z)V @ 27 c2
Event: 1.988 Thread 0x000001d3826a54e0 DEOPT PACKING pc=0x000001d391a4b1d8 sp=0x000000cf5a5ff680
Event: 1.988 Thread 0x000001d3826a54e0 DEOPT UNPACKING pc=0x000001d389f723a3 sp=0x000000cf5a5ff620 mode 2
Event: 1.994 Thread 0x000001d3826a54e0 Uncommon trap: trap_request=0xffffffc6 fr.pc=0x000001d391a4b1d8 relative=0x0000000000000098
Event: 1.995 Thread 0x000001d3826a54e0 Uncommon trap: reason=bimorphic_or_optimized_type_check action=maybe_recompile pc=0x000001d391a4b1d8 method=window.input.Key.update(Z)V @ 27 c2
Event: 1.995 Thread 0x000001d3826a54e0 DEOPT PACKING pc=0x000001d391a4b1d8 sp=0x000000cf5a5ff680
Event: 1.995 Thread 0x000001d3826a54e0 DEOPT UNPACKING pc=0x000001d389f723a3 sp=0x000000cf5a5ff620 mode 2
Event: 2.001 Thread 0x000001d3826a54e0 Uncommon trap: trap_request=0xffffffc6 fr.pc=0x000001d391a4b1d8 relative=0x0000000000000098
Event: 2.001 Thread 0x000001d3826a54e0 Uncommon trap: reason=bimorphic_or_optimized_type_check action=maybe_recompile pc=0x000001d391a4b1d8 method=window.input.Key.update(Z)V @ 27 c2
Event: 2.001 Thread 0x000001d3826a54e0 DEOPT PACKING pc=0x000001d391a4b1d8 sp=0x000000cf5a5ff680
Event: 2.001 Thread 0x000001d3826a54e0 DEOPT UNPACKING pc=0x000001d389f723a3 sp=0x000000cf5a5ff620 mode 2
Event: 2.049 Thread 0x000001d3826a54e0 Uncommon trap: trap_request=0xffffffc6 fr.pc=0x000001d391a4fa8c relative=0x00000000000000ec
Event: 2.049 Thread 0x000001d3826a54e0 Uncommon trap: reason=bimorphic_or_optimized_type_check action=maybe_recompile pc=0x000001d391a4fa8c method=window.input.Key.update(Z)V @ 43 c2
Event: 2.049 Thread 0x000001d3826a54e0 DEOPT PACKING pc=0x000001d391a4fa8c sp=0x000000cf5a5ff670
Event: 2.049 Thread 0x000001d3826a54e0 DEOPT UNPACKING pc=0x000001d389f723a3 sp=0x000000cf5a5ff610 mode 2
Event: 2.917 Thread 0x000001d3826a54e0 Uncommon trap: trap_request=0xffffff45 fr.pc=0x000001d391a528e4 relative=0x0000000000000584
Event: 2.917 Thread 0x000001d3826a54e0 Uncommon trap: reason=unstable_if action=reinterpret pc=0x000001d391a528e4 method=glparts.Shaders.getUniformID(Ljava/lang/String;)I @ 10 c2
Event: 2.917 Thread 0x000001d3826a54e0 DEOPT PACKING pc=0x000001d391a528e4 sp=0x000000cf5a5ff600
Event: 2.917 Thread 0x000001d3826a54e0 DEOPT UNPACKING pc=0x000001d389f723a3 sp=0x000000cf5a5ff5b8 mode 2

Classes unloaded (0 events):
No events

Classes redefined (0 events):
No events

Internal exceptions (20 events):
Event: 0.744 Thread 0x000001d3826a54e0 Exception <a 'java/io/FileNotFoundException'{0x000000061fdb6288}> (0x000000061fdb6288) 
thrown [s\open\src\hotspot\share\prims\jni.cpp, line 516]
Event: 0.784 Thread 0x000001d3826a54e0 Exception <a 'java/lang/NoSuchMethodError'{0x000000061f821648}: static Lscene/Scene;.<clinit>()V> (0x000000061f821648) 
thrown [s\open\src\hotspot\share\prims\jni.cpp, line 1107]
Event: 0.800 Thread 0x000001d3826a54e0 Exception <a 'java/lang/NoSuchMethodError'{0x000000061f876fd8}: static Lentity/Entity;.<clinit>()V> (0x000000061f876fd8) 
thrown [s\open\src\hotspot\share\prims\jni.cpp, line 1107]
Event: 0.800 Thread 0x000001d3826a54e0 Exception <a 'java/lang/NoSuchMethodError'{0x000000061f878168}: static Lnamed/Named;.<clinit>()V> (0x000000061f878168) 
thrown [s\open\src\hotspot\share\prims\jni.cpp, line 1107]
Event: 0.801 Thread 0x000001d3826a54e0 Exception <a 'java/lang/NoSuchMethodError'{0x000000061f87ed88}: static Lnamed/NameHolder;.<clinit>()V> (0x000000061f87ed88) 
thrown [s\open\src\hotspot\share\prims\jni.cpp, line 1107]
Event: 0.804 Thread 0x000001d3826a54e0 Exception <a 'java/lang/NoSuchMethodError'{0x000000061f8967b0}: static Lentity/MaterialComponent;.<clinit>()V> (0x000000061f8967b0) 
thrown [s\open\src\hotspot\share\prims\jni.cpp, line 1107]
Event: 0.804 Thread 0x000001d3826a54e0 Exception <a 'java/lang/NoSuchMethodError'{0x000000061f89dc00}: static Lmaterial/Material;.<clinit>()V> (0x000000061f89dc00) 
thrown [s\open\src\hotspot\share\prims\jni.cpp, line 1107]
Event: 0.805 Thread 0x000001d3826a54e0 Exception <a 'java/lang/NoSuchMethodError'{0x000000061f8a72e0}: static Lmath/Float3;.<clinit>()V> (0x000000061f8a72e0) 
thrown [s\open\src\hotspot\share\prims\jni.cpp, line 1107]
Event: 0.808 Thread 0x000001d3826a54e0 Exception <a 'java/lang/NoSuchMethodError'{0x000000061f8bcca8}: static Lglparts/Texture;.<clinit>()V> (0x000000061f8bcca8) 
thrown [s\open\src\hotspot\share\prims\jni.cpp, line 1107]
Event: 0.808 Thread 0x000001d3826a54e0 Exception <a 'java/lang/NoSuchMethodError'{0x000000061f8bfcc8}: static Lglparts/GLObject;.<clinit>()V> (0x000000061f8bfcc8) 
thrown [s\open\src\hotspot\share\prims\jni.cpp, line 1107]
Event: 0.809 Thread 0x000001d3826a54e0 Exception <a 'java/lang/NoSuchMethodError'{0x000000061f8c0e20}: static [B.<clinit>()V> (0x000000061f8c0e20) 
thrown [s\open\src\hotspot\share\prims\jni.cpp, line 1107]
Event: 0.818 Thread 0x000001d3826a54e0 Exception <a 'java/lang/NoSuchMethodError'{0x000000061f8c8d98}: static Lmath/Int2;.<clinit>()V> (0x000000061f8c8d98) 
thrown [s\open\src\hotspot\share\prims\jni.cpp, line 1107]
Event: 0.820 Thread 0x000001d3826a54e0 Exception <a 'java/lang/NoSuchMethodError'{0x000000061f8d13d0}: static Lentity/MeshComponent;.<clinit>()V> (0x000000061f8d13d0) 
thrown [s\open\src\hotspot\share\prims\jni.cpp, line 1107]
Event: 0.820 Thread 0x000001d3826a54e0 Exception <a 'java/lang/NoSuchMethodError'{0x000000061f8d8128}: static Lglparts/Mesh;.<clinit>()V> (0x000000061f8d8128) 
thrown [s\open\src\hotspot\share\prims\jni.cpp, line 1107]
Event: 0.821 Thread 0x000001d3826a54e0 Exception <a 'java/lang/NoSuchMethodError'{0x000000061f8da048}: static [Lmath/Vertex;.<clinit>()V> (0x000000061f8da048) 
thrown [s\open\src\hotspot\share\prims\jni.cpp, line 1107]
Event: 0.821 Thread 0x000001d3826a54e0 Exception <a 'java/lang/NoSuchMethodError'{0x000000061f8e1e20}: static Lmath/Vertex;.<clinit>()V> (0x000000061f8e1e20) 
thrown [s\open\src\hotspot\share\prims\jni.cpp, line 1107]
Event: 0.822 Thread 0x000001d3826a54e0 Exception <a 'java/lang/NoSuchMethodError'{0x000000061f8eb3c0}: static Lmath/Float2;.<clinit>()V> (0x000000061f8eb3c0) 
thrown [s\open\src\hotspot\share\prims\jni.cpp, line 1107]
Event: 0.824 Thread 0x000001d3826a54e0 Exception <a 'java/lang/NoSuchMethodError'{0x000000061f8f83d8}: static Lentity/PhysicsComponent;.<clinit>()V> (0x000000061f8f83d8) 
thrown [s\open\src\hotspot\share\prims\jni.cpp, line 1107]
Event: 0.826 Thread 0x000001d3826a54e0 Exception <a 'java/lang/NoSuchMethodError'{0x000000061f904808}: static Lentity/TransformComponent;.<clinit>()V> (0x000000061f904808) 
thrown [s\open\src\hotspot\share\prims\jni.cpp, line 1107]
Event: 2.917 Thread 0x000001d3826a54e0 Implicit null exception at 0x000001d391a523b6 to 0x000001d391a528cb

VM Operations (10 events):
Event: 0.129 Executing VM operation: HandshakeAllThreads
Event: 0.129 Executing VM operation: HandshakeAllThreads done
Event: 0.553 Executing VM operation: HandshakeAllThreads
Event: 0.553 Executing VM operation: HandshakeAllThreads done
Event: 1.560 Executing VM operation: Cleanup
Event: 1.560 Executing VM operation: Cleanup done
Event: 2.567 Executing VM operation: Cleanup
Event: 2.567 Executing VM operation: Cleanup done
Event: 2.910 Executing VM operation: G1CollectForAllocation
Event: 2.914 Executing VM operation: G1CollectForAllocation done

Events (20 events):
Event: 1.100 loading class sun/util/locale/provider/TimeZoneNameProviderImpl done
Event: 1.100 loading class sun/util/cldr/CLDRTimeZoneNameProviderImpl done
Event: 1.101 loading class sun/util/locale/provider/BaseLocaleDataMetaInfo
Event: 1.102 loading class sun/util/locale/provider/BaseLocaleDataMetaInfo done
Event: 1.103 loading class sun/util/resources/cldr/TimeZoneNames
Event: 1.103 loading class sun/util/resources/TimeZoneNamesBundle
Event: 1.103 loading class sun/util/resources/OpenListResourceBundle
Event: 1.103 loading class sun/util/resources/OpenListResourceBundle done
Event: 1.103 loading class sun/util/resources/TimeZoneNamesBundle done
Event: 1.103 loading class sun/util/resources/cldr/TimeZoneNames done
Event: 1.103 loading class sun/util/resources/cldr/TimeZoneNames_en
Event: 1.104 loading class sun/util/resources/cldr/TimeZoneNames_en done
Event: 1.104 loading class sun/util/resources/cldr/TimeZoneNames_en_US
Event: 1.104 loading class sun/util/resources/cldr/TimeZoneNames_en_US done
Event: 1.105 loading class sun/util/resources/TimeZoneNames
Event: 1.106 loading class sun/util/resources/TimeZoneNames done
Event: 1.106 loading class sun/util/resources/TimeZoneNames_en
Event: 1.106 loading class sun/util/resources/TimeZoneNames_en done
Event: 2.061 loading class java/lang/StrictMath
Event: 2.061 loading class java/lang/StrictMath done


Dynamic libraries:
0x00007ff619440000 - 0x00007ff619450000 	C:\Program Files\Java\jdk-17.0.4.1\bin\java.exe
0x00007ffc04de0000 - 0x00007ffc04fe9000 	C:\WINDOWS\SYSTEM32\ntdll.dll
0x00007ffc02fb0000 - 0x00007ffc0306d000 	C:\WINDOWS\System32\KERNEL32.DLL
0x00007ffc022b0000 - 0x00007ffc0262d000 	C:\WINDOWS\System32\KERNELBASE.dll
0x00007ffc02a90000 - 0x00007ffc02ba1000 	C:\WINDOWS\System32\ucrtbase.dll
0x00007ffbf9200000 - 0x00007ffbf921a000 	C:\Program Files\Java\jdk-17.0.4.1\bin\VCRUNTIME140.dll
0x00007ffbf9880000 - 0x00007ffbf9898000 	C:\Program Files\Java\jdk-17.0.4.1\bin\jli.dll
0x00007ffc02c70000 - 0x00007ffc02d1e000 	C:\WINDOWS\System32\ADVAPI32.dll
0x00007ffc03830000 - 0x00007ffc038d3000 	C:\WINDOWS\System32\msvcrt.dll
0x00007ffc04b20000 - 0x00007ffc04bbe000 	C:\WINDOWS\System32\sechost.dll
0x00007ffc03290000 - 0x00007ffc033b0000 	C:\WINDOWS\System32\RPCRT4.dll
0x00007ffc03f00000 - 0x00007ffc040ad000 	C:\WINDOWS\System32\USER32.dll
0x00007ffc02c30000 - 0x00007ffc02c56000 	C:\WINDOWS\System32\win32u.dll
0x00007ffc03b10000 - 0x00007ffc03b39000 	C:\WINDOWS\System32\GDI32.dll
0x00007ffbecb10000 - 0x00007ffbecdb5000 	C:\WINDOWS\WinSxS\amd64_microsoft.windows.common-controls_6595b64144ccf1df_6.0.22000.120_none_9d947278b86cc467\COMCTL32.dll
0x00007ffc026a0000 - 0x00007ffc027b9000 	C:\WINDOWS\System32\gdi32full.dll
0x00007ffc029f0000 - 0x00007ffc02a8d000 	C:\WINDOWS\System32\msvcp_win.dll
0x00007ffbfb820000 - 0x00007ffbfb82a000 	C:\WINDOWS\SYSTEM32\VERSION.dll
0x00007ffc03070000 - 0x00007ffc030a1000 	C:\WINDOWS\System32\IMM32.DLL
0x00007ffbf9870000 - 0x00007ffbf987c000 	C:\Program Files\Java\jdk-17.0.4.1\bin\vcruntime140_1.dll
0x00007ffbf90f0000 - 0x00007ffbf917d000 	C:\Program Files\Java\jdk-17.0.4.1\bin\msvcp140.dll
0x00007ffbbece0000 - 0x00007ffbbf8a2000 	C:\Program Files\Java\jdk-17.0.4.1\bin\server\jvm.dll
0x00007ffc02c60000 - 0x00007ffc02c68000 	C:\WINDOWS\System32\PSAPI.DLL
0x00007ffbff650000 - 0x00007ffbff659000 	C:\WINDOWS\SYSTEM32\WSOCK32.dll
0x00007ffbf9d60000 - 0x00007ffbf9d93000 	C:\WINDOWS\SYSTEM32\WINMM.dll
0x00007ffc04260000 - 0x00007ffc042cf000 	C:\WINDOWS\System32\WS2_32.dll
0x00007ffc01330000 - 0x00007ffc01348000 	C:\WINDOWS\SYSTEM32\kernel.appcore.dll
0x00007ffbf94b0000 - 0x00007ffbf94ba000 	C:\Program Files\Java\jdk-17.0.4.1\bin\jimage.dll
0x00007ffbeeaa0000 - 0x00007ffbeecc1000 	C:\WINDOWS\SYSTEM32\DBGHELP.DLL
0x00007ffbe8e20000 - 0x00007ffbe8e51000 	C:\WINDOWS\SYSTEM32\dbgcore.DLL
0x00007ffc02bb0000 - 0x00007ffc02c2f000 	C:\WINDOWS\System32\bcryptPrimitives.dll
0x00007ffbf9300000 - 0x00007ffbf930e000 	C:\Program Files\Java\jdk-17.0.4.1\bin\instrument.dll
0x00007ffbf91d0000 - 0x00007ffbf91f5000 	C:\Program Files\Java\jdk-17.0.4.1\bin\java.dll
0x00007ffbf05b0000 - 0x00007ffbf0686000 	C:\Program Files\Java\jdk-17.0.4.1\bin\jsvml.dll
0x00007ffc042d0000 - 0x00007ffc04a88000 	C:\WINDOWS\System32\SHELL32.dll
0x00007ffc003a0000 - 0x00007ffc00c08000 	C:\WINDOWS\SYSTEM32\windows.storage.dll
0x00007ffc03b40000 - 0x00007ffc03eb7000 	C:\WINDOWS\System32\combase.dll
0x00007ffc00230000 - 0x00007ffc00396000 	C:\WINDOWS\SYSTEM32\wintypes.dll
0x00007ffc04170000 - 0x00007ffc0425a000 	C:\WINDOWS\System32\SHCORE.dll
0x00007ffc040b0000 - 0x00007ffc0410d000 	C:\WINDOWS\System32\shlwapi.dll
0x00007ffc021e0000 - 0x00007ffc02201000 	C:\WINDOWS\SYSTEM32\profapi.dll
0x00007ffbf8e30000 - 0x00007ffbf8e48000 	C:\Program Files\Java\jdk-17.0.4.1\bin\zip.dll
0x00007ffbf90d0000 - 0x00007ffbf90e9000 	C:\Program Files\Java\jdk-17.0.4.1\bin\net.dll
0x00007ffbfcf80000 - 0x00007ffbfd08c000 	C:\WINDOWS\SYSTEM32\WINHTTP.dll
0x00007ffc01840000 - 0x00007ffc018a7000 	C:\WINDOWS\system32\mswsock.dll
0x00007ffbf8e70000 - 0x00007ffbf8e86000 	C:\Program Files\Java\jdk-17.0.4.1\bin\nio.dll
0x00007ffbf7910000 - 0x00007ffbf792a000 	C:\Program Files\JetBrains\IntelliJ IDEA Community Edition 2022.2.1\bin\breakgen64.dll
0x00007ffbefd40000 - 0x00007ffbefdb5000 	C:\Users\Krimzo\AppData\Local\Temp\lwjglKrimzo\3.3.1-build-7\lwjgl.dll
0x00007ffbf0540000 - 0x00007ffbf05a1000 	C:\Users\Krimzo\AppData\Local\Temp\lwjglKrimzo\3.3.1-build-7\glfw.dll
0x00007ffbf6b00000 - 0x00007ffbf6b45000 	C:\WINDOWS\SYSTEM32\dinput8.dll
0x00007ffbf68d0000 - 0x00007ffbf68e1000 	C:\WINDOWS\SYSTEM32\xinput1_4.dll
0x00007ffc01fb0000 - 0x00007ffc01ffc000 	C:\WINDOWS\SYSTEM32\cfgmgr32.dll
0x00007ffc01f80000 - 0x00007ffc01fac000 	C:\WINDOWS\SYSTEM32\DEVOBJ.dll
0x00007ffbffd20000 - 0x00007ffbffd4f000 	C:\WINDOWS\SYSTEM32\dwmapi.dll
0x00007ffbece70000 - 0x00007ffbed039000 	C:\WINDOWS\SYSTEM32\inputhost.dll
0x00007ffbff420000 - 0x00007ffbff551000 	C:\WINDOWS\SYSTEM32\CoreMessaging.dll
0x00007ffbff980000 - 0x00007ffbffa2c000 	C:\WINDOWS\system32\uxtheme.dll
0x00007ffc01aa0000 - 0x00007ffc01aac000 	C:\WINDOWS\SYSTEM32\CRYPTBASE.DLL
0x00007ffc04bc0000 - 0x00007ffc04cdd000 	C:\WINDOWS\System32\MSCTF.dll
0x00007ffbf0c00000 - 0x00007ffbf0d01000 	C:\WINDOWS\SYSTEM32\opengl32.dll
0x00007ffbf9350000 - 0x00007ffbf937d000 	C:\WINDOWS\SYSTEM32\GLU32.dll
0x00007ffbffac0000 - 0x00007ffbffaf8000 	C:\WINDOWS\SYSTEM32\dxcore.dll
0x00007ffc04ce0000 - 0x00007ffc04d95000 	C:\WINDOWS\System32\clbcatq.dll
0x00007ffbb0390000 - 0x00007ffbb3549000 	C:\WINDOWS\System32\DriverStore\FileRepository\nv_dispi.inf_amd64_47917a79b8c7fd22\nvoglv64.dll
0x00007ffc033c0000 - 0x00007ffc0382c000 	C:\WINDOWS\System32\SETUPAPI.dll
0x00007ffc02e10000 - 0x00007ffc02faa000 	C:\WINDOWS\System32\ole32.dll
0x00007ffc030d0000 - 0x00007ffc031a6000 	C:\WINDOWS\System32\OLEAUT32.dll
0x00007ffbfe9f0000 - 0x00007ffbfea04000 	C:\WINDOWS\SYSTEM32\WTSAPI32.dll
0x00007ffc01ae0000 - 0x00007ffc01af2000 	C:\WINDOWS\SYSTEM32\msasn1.dll
0x00007ffbfa780000 - 0x00007ffbfa7b1000 	C:\WINDOWS\SYSTEM32\cryptnet.dll
0x00007ffc02880000 - 0x00007ffc029e2000 	C:\WINDOWS\System32\CRYPT32.dll
0x00007ffbfa570000 - 0x00007ffbfa6b9000 	C:\WINDOWS\SYSTEM32\drvstore.dll
0x00007ffc01b80000 - 0x00007ffc01bc1000 	C:\WINDOWS\SYSTEM32\wldp.dll
0x00007ffc02630000 - 0x00007ffc02698000 	C:\WINDOWS\System32\WINTRUST.dll
0x00007ffc01350000 - 0x00007ffc01384000 	C:\WINDOWS\SYSTEM32\ntmarta.dll
0x00007ffbabd20000 - 0x00007ffbabfe7000 	C:\WINDOWS\system32\nvspcap64.dll
0x00007ffc01c40000 - 0x00007ffc01c8d000 	C:\WINDOWS\SYSTEM32\powrprof.dll
0x00007ffc01b60000 - 0x00007ffc01b73000 	C:\WINDOWS\SYSTEM32\UMPDC.dll
0x00007ffc01730000 - 0x00007ffc01794000 	C:\WINDOWS\SYSTEM32\WINSTA.dll
0x00007ffbe4950000 - 0x00007ffbe4a7d000 	C:\WINDOWS\SYSTEM32\textinputframework.dll
0x00007ffbfd360000 - 0x00007ffbfd6cd000 	C:\WINDOWS\SYSTEM32\CoreUIComponents.dll
0x00007ffbefc80000 - 0x00007ffbefcdd000 	C:\Users\Krimzo\AppData\Local\Temp\lwjglKrimzo\3.3.1-build-7\lwjgl_opengl.dll
0x0000000064a00000 - 0x000000006580f000 	C:\Users\Krimzo\AppData\Local\Temp\imgui-java-natives_1664318130694\imgui-java64.dll
0x00007ffbefbf0000 - 0x00007ffbefc71000 	C:\Users\Krimzo\AppData\Local\Temp\lwjglKrimzo\3.3.1-build-7\lwjgl_stb.dll
0x00007ffbfa6c0000 - 0x00007ffbfa778000 	C:\WINDOWS\SYSTEM32\mscms.dll
0x00007ffc01c90000 - 0x00007ffc01cb7000 	C:\WINDOWS\SYSTEM32\bcrypt.dll
0x00007ffbf1740000 - 0x00007ffbf1784000 	C:\WINDOWS\SYSTEM32\icm32.dll
0x00007ffbefa60000 - 0x00007ffbefbef000 	C:\Program Files\Java\jdk-17.0.4.1\bin\awt.dll
0x00007ffbff810000 - 0x00007ffbff8a2000 	C:\WINDOWS\SYSTEM32\apphelp.dll

dbghelp: loaded successfully - version: 4.0.5 - missing functions: none
symbol engine: initialized successfully - sym options: 0x614 - pdb path: .;C:\Program Files\Java\jdk-17.0.4.1\bin;C:\WINDOWS\SYSTEM32;C:\WINDOWS\WinSxS\amd64_microsoft.windows.common-controls_6595b64144ccf1df_6.0.22000.120_none_9d947278b86cc467;C:\Program Files\Java\jdk-17.0.4.1\bin\server;C:\Program Files\JetBrains\IntelliJ IDEA Community Edition 2022.2.1\bin;C:\Users\Krimzo\AppData\Local\Temp\lwjglKrimzo\3.3.1-build-7;C:\WINDOWS\System32\DriverStore\FileRepository\nv_dispi.inf_amd64_47917a79b8c7fd22;C:\Users\Krimzo\AppData\Local\Temp\imgui-java-natives_1664318130694

VM Arguments:
jvm_args: -Djava.library.path=C:\Users\Krimzo\Documents\Hobby\Coding\Java\TitianCreator\imgui -javaagent:C:\Program Files\JetBrains\IntelliJ IDEA Community Edition 2022.2.1\lib\idea_rt.jar=62598:C:\Program Files\JetBrains\IntelliJ IDEA Community Edition 2022.2.1\bin -Dfile.encoding=UTF-8 
java_command: TitianCreator
java_class_path (initial): C:\Users\Krimzo\Documents\Hobby\Coding\Java\TitianCreator\out;C:\Users\Krimzo\Documents\Hobby\Coding\Java\TitianCreator\lwjgl\lwjgl.jar;C:\Users\Krimzo\Documents\Hobby\Coding\Java\TitianCreator\lwjgl\lwjgl-stb.jar;C:\Users\Krimzo\Documents\Hobby\Coding\Java\TitianCreator\lwjgl\lwjgl-glfw.jar;C:\Users\Krimzo\Documents\Hobby\Coding\Java\TitianCreator\lwjgl\lwjgl-assimp.jar;C:\Users\Krimzo\Documents\Hobby\Coding\Java\TitianCreator\lwjgl\lwjgl-openal.jar;C:\Users\Krimzo\Documents\Hobby\Coding\Java\TitianCreator\lwjgl\lwjgl-opengl.jar;C:\Users\Krimzo\Documents\Hobby\Coding\Java\TitianCreator\lwjgl\lwjgl-natives-linux.jar;C:\Users\Krimzo\Documents\Hobby\Coding\Java\TitianCreator\lwjgl\lwjgl-natives-macos.jar;C:\Users\Krimzo\Documents\Hobby\Coding\Java\TitianCreator\lwjgl\lwjgl-natives-windows.jar;C:\Users\Krimzo\Documents\Hobby\Coding\Java\TitianCreator\lwjgl\lwjgl-stb-natives-linux.jar;C:\Users\Krimzo\Documents\Hobby\Coding\Java\TitianCreator\lwjgl\lwjgl-stb-natives-macos.jar;C:\Users\Krimzo\Documents\Hobby\Coding\Java\TitianCreator\lwjgl\lwjgl-glfw-natives-linux.jar;C:\Users\Krimzo\Documents\Hobby\Coding\Java\TitianCreator\lwjgl\lwjgl-glfw-natives-macos.jar;C:\Users\Krimzo\Documents\Hobby\Coding\Java\TitianCreator\lwjgl\lwjgl-stb-natives-windows.jar;C:\Users\Krimzo\Documents\Hobby\Coding\Java\TitianCreator\lwjgl\lwjgl-assimp-natives-linux.jar;C:\Users\Krimzo\Documents\Hobby\Coding\Java\TitianCreator\lwjgl\lwjgl-assimp-natives-macos.jar;C:\Users\Krimzo\Documents\Hobby\Coding\Java\TitianCreator\lwjgl\lwjgl-glfw-natives-windows.jar;C:\Users\Krimzo\Documents\Hobby\Coding\Java\TitianCreator\lwjgl\lwjgl-openal-natives-linux.jar;C:\Users\Krimzo\Documents\Hobby\Coding\Java\TitianCreator\lwjgl\lwjgl-openal-natives-macos.jar;C:\Users\Krimzo\Documents\Hobby\Coding\Java\TitianCreator\lwjgl\lwjgl-opengl-natives-linux.jar;C:\Users\Krimzo\Documents\Hobby\Coding\Java\TitianCreator\lwjgl\lwjgl-opengl-natives-macos.jar;C:\Users\Krimzo\Documents\Hobby\Coding\J
Launcher Type: SUN_STANDARD

[Global flags]
     intx CICompilerCount                          = 3                                         {product} {ergonomic}
     uint ConcGCThreads                            = 1                                         {product} {ergonomic}
     uint G1ConcRefinementThreads                  = 4                                         {product} {ergonomic}
   size_t G1HeapRegionSize                         = 4194304                                   {product} {ergonomic}
    uintx GCDrainStackTargetSize                   = 64                                        {product} {ergonomic}
   size_t InitialHeapSize                          = 536870912                                 {product} {ergonomic}
   size_t MarkStackSize                            = 4194304                                   {product} {ergonomic}
   size_t MaxHeapSize                              = 8577351680                                {product} {ergonomic}
   size_t MaxNewSize                               = 5146411008                                {product} {ergonomic}
   size_t MinHeapDeltaBytes                        = 4194304                                   {product} {ergonomic}
   size_t MinHeapSize                              = 8388608                                   {product} {ergonomic}
    uintx NonNMethodCodeHeapSize                   = 5832780                                {pd product} {ergonomic}
    uintx NonProfiledCodeHeapSize                  = 122912730                              {pd product} {ergonomic}
    uintx ProfiledCodeHeapSize                     = 122912730                              {pd product} {ergonomic}
    uintx ReservedCodeCacheSize                    = 251658240                              {pd product} {ergonomic}
     bool SegmentedCodeCache                       = true                                      {product} {ergonomic}
   size_t SoftMaxHeapSize                          = 8577351680                             {manageable} {ergonomic}
     bool UseCompressedClassPointers               = true                           {product lp64_product} {ergonomic}
     bool UseCompressedOops                        = true                           {product lp64_product} {ergonomic}
     bool UseG1GC                                  = true                                      {product} {ergonomic}
     bool UseLargePagesIndividualAllocation        = false                                  {pd product} {ergonomic}

Logging:
Log output configuration:
 #0: stdout all=warning uptime,level,tags
 #1: stderr all=off uptime,level,tags

Environment Variables:
PATH=C:\Program Files\Lapce\;C:\Program Files\Common Files\Oracle\Java\javapath;C:\Program Files\NVIDIA GPU Computing Toolkit\CUDA\v11.7\bin;C:\Program Files\NVIDIA GPU Computing Toolkit\CUDA\v11.7\libnvvp;C:\WINDOWS\system32;C:\WINDOWS;C:\WINDOWS\System32\Wbem;C:\WINDOWS\System32\WindowsPowerShell\v1.0\;C:\WINDOWS\System32\OpenSSH\;C:\Program Files\NVIDIA Corporation\NVIDIA NvDLISR;C:\Program Files (x86)\NVIDIA Corporation\PhysX\Common;C:\Program Files\NVIDIA Corporation\Nsight Compute 2022.2.1\;C:\Program Files\Git\cmd;C:\Program Files\ffmpeg\bin;C:\Program Files\dotnet\;C:\MinGW\bin;C:\Program Files\CMake\bin;C:\Users\Krimzo\.cargo\bin;C:\Users\Krimzo\AppData\Local\Programs\Python\Python310\Scripts\;C:\Users\Krimzo\AppData\Local\Programs\Python\Python310\;C:\Users\Krimzo\AppData\Local\Microsoft\WindowsApps;C:\Users\Krimzo\AppData\Local\GitHubDesktop\bin;C:\Users\Krimzo\AppData\Local\Programs\Microsoft VS Code\bin;C:\Users\Krimzo\.dotnet\tools
USERNAME=Krimzo
OS=Windows_NT
PROCESSOR_IDENTIFIER=Intel64 Family 6 Model 60 Stepping 3, GenuineIntel



---------------  S Y S T E M  ---------------

OS:
 Windows 11 , 64 bit Build 22000 (10.0.22000.708)
OS uptime: 4 days 13:49 hours
Hyper-V role detected

CPU: total 4 (initial active 4) (4 cores per cpu, 1 threads per core) family 6 model 60 stepping 3 microcode 0x28, cx8, cmov, fxsr, mmx, sse, sse2, sse3, ssse3, sse4.1, sse4.2, popcnt, lzcnt, tsc, tscinvbit, avx, avx2, aes, erms, clmul, bmi1, bmi2, fma, vzeroupper, clflush, hv

Memory: 4k page, system-wide physical 32719M (22903M free)
TotalPageFile size 37583M (AvailPageFile size 25935M)
current process WorkingSet (physical memory assigned to process): 132M, peak: 134M
current process commit charge ("private bytes"): 900M, peak: 902M

vm_info: Java HotSpot(TM) 64-Bit Server VM (17.0.4.1+1-LTS-2) for windows-amd64 JRE (17.0.4.1+1-LTS-2), built on Aug 16 2022 18:32:06 by "mach5one" with MS VC++ 16.8 / 16.9 (VS2019)

END.
