#
# A fatal error has been detected by the Java Runtime Environment:
#
#  EXCEPTION_ACCESS_VIOLATION (0xc0000005) at pc=0x00007ffc04e0b634, pid=5232, tid=15100
#
# JRE version: Java(TM) SE Runtime Environment (17.0.4.1+1) (build 17.0.4.1+1-LTS-2)
# Java VM: Java HotSpot(TM) 64-Bit Server VM (17.0.4.1+1-LTS-2, mixed mode, sharing, tiered, compressed oops, compressed class ptrs, g1 gc, windows-amd64)
# Problematic frame:
# C  [ntdll.dll+0x2b634]
#
# No core dump will be written. Minidumps are not enabled by default on client versions of Windows
#
# If you would like to submit a bug report, please visit:
#   https://bugreport.java.com/bugreport/crash.jsp
# The crash happened outside the Java Virtual Machine in native code.
# See problematic frame for where to report the bug.
#

---------------  S U M M A R Y ------------

Command Line: -Djava.library.path=C:\Users\Krimzo\Documents\Hobby\Coding\Java\TitianCreator\imgui -javaagent:C:\Program Files\JetBrains\IntelliJ IDEA Community Edition 2022.2.1\lib\idea_rt.jar=62594:C:\Program Files\JetBrains\IntelliJ IDEA Community Edition 2022.2.1\bin -Dfile.encoding=UTF-8 TitianCreator

Host: Intel(R) Core(TM) i5-4690K CPU @ 3.50GHz, 4 cores, 31G,  Windows 11 , 64 bit Build 22000 (10.0.22000.708)
Time: Wed Sep 28 00:34:15 2022 Central European Daylight Time elapsed time: 3.324859 seconds (0d 0h 0m 3s)

---------------  T H R E A D  ---------------

Current thread (0x00000189e5fb2d00):  JavaThread "main" [_thread_in_native, id=15100, stack(0x000000162cf00000,0x000000162d000000)]

Stack: [0x000000162cf00000,0x000000162d000000],  sp=0x000000162cffee60,  free space=1019k
Native frames: (J=compiled Java code, j=interpreted, Vv=VM code, C=native code)
C  [ntdll.dll+0x2b634]
C  [ntdll.dll+0x2929c]
C  [KERNELBASE.dll+0x56d25]
C  [nvoglv64.dll+0xdc551d]

Java frames: (J=compiled Java code, j=interpreted, Vv=VM code)
J 1109  org.lwjgl.opengl.GL30C.glBindVertexArray(I)V (0 bytes) @ 0x00000189f6b414e9 [0x00000189f6b414a0+0x0000000000000049]
J 1108 c1 org.lwjgl.opengl.GL30.glBindVertexArray(I)V (5 bytes) @ 0x00000189ef784aec [0x00000189ef784aa0+0x000000000000004c]
j  imgui.gl3.ImGuiImplGl3.bind(II)V+220
J 1332 c1 imgui.gl3.ImGuiImplGl3.renderDrawData(Limgui/ImDrawData;)V (403 bytes) @ 0x00000189ef7c1694 [0x00000189ef7c13e0+0x00000000000002b4]
J 1278 c1 gui.GUIRenderer.render()V (66 bytes) @ 0x00000189ef7acf6c [0x00000189ef7ac880+0x00000000000006ec]
J 1343 c1 editor.Editor.update(Leditor/EditorCallback;)V (226 bytes) @ 0x00000189ef7cf024 [0x00000189ef7cd780+0x00000000000018a4]
j  TitianCreator.main([Ljava/lang/String;)V+34
v  ~StubRoutines::call_stub

siginfo: EXCEPTION_ACCESS_VIOLATION (0xc0000005), writing address 0x000001899aaee9fa


Register to memory mapping:

RIP=0x00007ffc04e0b634 ntdll.dll
RAX=0x00000000003e0000 is an unknown value
RBX=0x00000189e5d20000 points into unknown readable memory: 0x0000000000000000 | 00 00 00 00 00 00 00 00
RCX=0x0 is NULL
RDX=0x0000000000000004 is an unknown value
RSP=0x000000162cffee60 is pointing into the stack for thread: 0x00000189e5fb2d00
RBP=0x000000162cfff159 is pointing into the stack for thread: 0x00000189e5fb2d00
RSI=0x000001899aaee9f0 is an unknown value
RDI=0x0000000000000061 is an unknown value
R8 =0x00000000fffdffff is an unknown value
R9 =0x000001899a710000 points into unknown readable memory: 0x0000000000000000 | 00 00 00 00 00 00 00 00
R10=0x0000000000000001 is an unknown value
R11=0x00007ffc04f16801 ntdll.dll
R12=0x0 is NULL
R13=0x00000000000000b0 is an unknown value
R14=0x0 is NULL
R15=0x000001899aaedef0 points into unknown readable memory: 0x0000000000000000 | 00 00 00 00 00 00 00 00


Registers:
RAX=0x00000000003e0000, RBX=0x00000189e5d20000, RCX=0x0000000000000000, RDX=0x0000000000000004
RSP=0x000000162cffee60, RBP=0x000000162cfff159, RSI=0x000001899aaee9f0, RDI=0x0000000000000061
R8 =0x00000000fffdffff, R9 =0x000001899a710000, R10=0x0000000000000001, R11=0x00007ffc04f16801
R12=0x0000000000000000, R13=0x00000000000000b0, R14=0x0000000000000000, R15=0x000001899aaedef0
RIP=0x00007ffc04e0b634, EFLAGS=0x0000000000010206

Top of Stack: (sp=0x000000162cffee60)
0x000000162cffee60:   00000189e5d20000 000000162cfff159
0x000000162cffee70:   000001899abd76d0 00000189e5d23370
0x000000162cffee80:   0000000000000111 0000000000000111
0x000000162cffee90:   000000013f5a6c01 000001899aaedef0
0x000000162cffeea0:   00000000bf00d200 0000000000000000
0x000000162cffeeb0:   0000000000000000 00007ffc00000000
0x000000162cffeec0:   0000000000510031 0000009100000000
0x000000162cffeed0:   0000018900000000 00007ffc04e096fd
0x000000162cffeee0:   000001899aaedef0 0000000000000030
0x000000162cffeef0:   000001899aaedef0 00000189e5ce2ac0
0x000000162cffef00:   000000162cfff178 00000189e5ce0000
0x000000162cffef10:   0000000000000030 00000000000000b0
0x000000162cffef20:   00000189e5ce0d20 00007ffc04e096fd
0x000000162cffef30:   00000189e5d233b8 00000189e5d20150
0x000000162cffef40:   0000000000000111 0000000000000030
0x000000162cffef50:   0000000000000000 000001899a710000 

Instructions: (pc=0x00007ffc04e0b634)
0x00007ffc04e0b534:   3b c8 0f 83 4f 01 00 00 48 8b c1 48 89 8c 24 e0
0x00007ffc04e0b544:   00 00 00 48 89 4c 24 28 89 44 24 20 4d 8b ce 41
0x00007ffc04e0b554:   b0 01 48 8b cb e8 32 32 00 00 49 89 34 24 4c 89
0x00007ffc04e0b564:   66 08 49 8d 7f 0a f6 07 08 0f 85 7a 05 00 00 4d
0x00007ffc04e0b574:   8b e7 4c 89 7c 24 38 44 0f b6 37 44 88 74 24 40
0x00007ffc04e0b584:   44 8b 54 24 34 45 85 d2 0f 84 89 05 00 00 4c 89
0x00007ffc04e0b594:   bc 24 80 00 00 00 f6 07 01 0f 85 ec 12 00 00 8b
0x00007ffc04e0b5a4:   44 24 58 88 07 41 0f b7 7f 08 49 2b fd 66 45 89
0x00007ffc04e0b5b4:   6f 08 48 8b 8c 24 78 02 00 00 48 2b 8c 24 70 02
0x00007ffc04e0b5c4:   00 00 48 89 8c 24 78 01 00 00 48 83 f9 3f 0f 83
0x00007ffc04e0b5d4:   db 12 00 00 41 88 4f 0f 41 c6 47 0b 00 48 85 ff
0x00007ffc04e0b5e4:   0f 84 1a 04 00 00 48 83 ff 01 0f 84 d2 04 00 00
0x00007ffc04e0b5f4:   33 c9 45 85 d2 0f 84 51 07 00 00 44 8b e1 89 4c
0x00007ffc04e0b604:   24 70 41 0f b6 47 0e 84 c0 0f 85 4c 03 00 00 4c
0x00007ffc04e0b614:   8b cb 48 89 9c 24 f8 00 00 00 48 89 bc 24 18 01
0x00007ffc04e0b624:   00 00 49 8b f5 48 c1 e6 04 49 03 f7 89 4c 24 58
0x00007ffc04e0b634:   44 88 76 0a c6 46 0f 00 0f b7 83 8c 00 00 00 66
0x00007ffc04e0b644:   41 33 c5 66 89 46 0c 49 8b 51 28 49 3b d1 74 56
0x00007ffc04e0b654:   4c 8b f6 4d 2b f1 49 c1 ee 10 49 ff c6 4c 89 b4
0x00007ffc04e0b664:   24 88 01 00 00 49 81 fe fe 00 00 00 72 3b 48 89
0x00007ffc04e0b674:   4c 24 28 48 89 4c 24 20 4c 8b c6 b9 03 00 00 00
0x00007ffc04e0b684:   e8 f7 43 0f 00 eb 22 48 8b 3a 48 85 ff 75 0f ff
0x00007ffc04e0b694:   c8 48 89 84 24 e0 00 00 00 e9 a5 fe ff ff 48 8b
0x00007ffc04e0b6a4:   d7 e9 86 fe ff ff 45 32 f6 44 88 74 24 41 44 88
0x00007ffc04e0b6b4:   76 0e c6 46 0b 00 66 89 7e 08 45 33 ed 4c 8b f7
0x00007ffc04e0b6c4:   49 c1 e6 04 4c 03 f6 8b 4b 7c 8b c1 c1 e8 14 22
0x00007ffc04e0b6d4:   83 8a 00 00 00 41 32 46 0a a8 01 0f 84 f8 07 00
0x00007ffc04e0b6e4:   00 0f b7 83 8c 00 00 00 66 33 c7 66 41 89 46 0c
0x00007ffc04e0b6f4:   45 84 e4 0f 85 63 06 00 00 0f b7 ff 44 88 66 0a
0x00007ffc04e0b704:   44 88 66 0f 4c 8d b3 50 01 00 00 48 83 bb 38 01
0x00007ffc04e0b714:   00 00 00 0f 84 c2 11 00 00 8b d7 48 8b cb e8 99
0x00007ffc04e0b724:   66 ff ff 4c 8b c0 4d 3b f0 74 20 83 7b 7c 00 0f 


Stack slot to memory mapping:
stack at sp + 0 slots: 0x00000189e5d20000 points into unknown readable memory: 0x0000000000000000 | 00 00 00 00 00 00 00 00
stack at sp + 1 slots: 0x000000162cfff159 is pointing into the stack for thread: 0x00000189e5fb2d00
stack at sp + 2 slots: 0x000001899abd76d0 points into unknown readable memory: 0x000a6718000a6700 | 00 67 0a 00 18 67 0a 00
stack at sp + 3 slots: 0x00000189e5d23370 points into unknown readable memory: 0x0000000000000000 | 00 00 00 00 00 00 00 00
stack at sp + 4 slots: 0x0000000000000111 is an unknown value
stack at sp + 5 slots: 0x0000000000000111 is an unknown value
stack at sp + 6 slots: 0x000000013f5a6c01 is an unknown value
stack at sp + 7 slots: 0x000001899aaedef0 points into unknown readable memory: 0x0000000000000000 | 00 00 00 00 00 00 00 00


---------------  P R O C E S S  ---------------

Threads class SMR info:
_java_thread_list=0x0000018994e28010, length=13, elements={
0x00000189e5fb2d00, 0x00000189ffce7780, 0x00000189ffce8ad0, 0x0000018994909190,
0x000001899490dc60, 0x000001899490edb0, 0x000001899490ff00, 0x0000018994915ba0,
0x00000189949173e0, 0x000001899491a890, 0x00000189ffcced40, 0x0000018994c30e80,
0x0000018994b5c390
}

Java Threads: ( => current thread )
=>0x00000189e5fb2d00 JavaThread "main" [_thread_in_native, id=15100, stack(0x000000162cf00000,0x000000162d000000)]
  0x00000189ffce7780 JavaThread "Reference Handler" daemon [_thread_blocked, id=17360, stack(0x000000162d600000,0x000000162d700000)]
  0x00000189ffce8ad0 JavaThread "Finalizer" daemon [_thread_blocked, id=17560, stack(0x000000162d700000,0x000000162d800000)]
  0x0000018994909190 JavaThread "Signal Dispatcher" daemon [_thread_blocked, id=12752, stack(0x000000162d800000,0x000000162d900000)]
  0x000001899490dc60 JavaThread "Attach Listener" daemon [_thread_blocked, id=20144, stack(0x000000162d900000,0x000000162da00000)]
  0x000001899490edb0 JavaThread "Service Thread" daemon [_thread_blocked, id=14528, stack(0x000000162da00000,0x000000162db00000)]
  0x000001899490ff00 JavaThread "Monitor Deflation Thread" daemon [_thread_blocked, id=18464, stack(0x000000162db00000,0x000000162dc00000)]
  0x0000018994915ba0 JavaThread "C2 CompilerThread0" daemon [_thread_in_native, id=11440, stack(0x000000162dc00000,0x000000162dd00000)]
  0x00000189949173e0 JavaThread "C1 CompilerThread0" daemon [_thread_blocked, id=11952, stack(0x000000162dd00000,0x000000162de00000)]
  0x000001899491a890 JavaThread "Sweeper thread" daemon [_thread_blocked, id=18852, stack(0x000000162de00000,0x000000162df00000)]
  0x00000189ffcced40 JavaThread "Common-Cleaner" daemon [_thread_blocked, id=12436, stack(0x000000162df00000,0x000000162e000000)]
  0x0000018994c30e80 JavaThread "Monitor Ctrl-Break" daemon [_thread_in_native, id=6508, stack(0x000000162e100000,0x000000162e200000)]
  0x0000018994b5c390 JavaThread "Notification Thread" daemon [_thread_blocked, id=13676, stack(0x000000162e200000,0x000000162e300000)]

Other Threads:
  0x00000189ffcdf530 VMThread "VM Thread" [stack: 0x000000162d500000,0x000000162d600000] [id=17608]
  0x0000018994acc6f0 WatcherThread [stack: 0x000000162e300000,0x000000162e400000] [id=15224]
  0x00000189e605fc30 GCTaskThread "GC Thread#0" [stack: 0x000000162d000000,0x000000162d100000] [id=1680]
  0x000001899ab6b680 GCTaskThread "GC Thread#1" [stack: 0x000000162e000000,0x000000162e100000] [id=10284]
  0x000001899ab7fbd0 GCTaskThread "GC Thread#2" [stack: 0x000000162e900000,0x000000162ea00000] [id=10488]
  0x000001899ab8bbd0 GCTaskThread "GC Thread#3" [stack: 0x000000162ea00000,0x000000162eb00000] [id=14620]
  0x00000189e6071400 ConcurrentGCThread "G1 Main Marker" [stack: 0x000000162d100000,0x000000162d200000] [id=16700]
  0x00000189e6072e20 ConcurrentGCThread "G1 Conc#0" [stack: 0x000000162d200000,0x000000162d300000] [id=4472]
  0x00000189e608e8f0 ConcurrentGCThread "G1 Refine#0" [stack: 0x000000162d300000,0x000000162d400000] [id=8412]
  0x00000189ffb97510 ConcurrentGCThread "G1 Service" [stack: 0x000000162d400000,0x000000162d500000] [id=12252]

Threads with active compile tasks:
C2 CompilerThread0     3441 1354       4       entity.Entity::onRender (29 bytes)

VM state: not at safepoint (normal execution)

VM Mutex/Monitor currently owned by a thread: None

Heap address: 0x0000000600c00000, size: 8180 MB, Compressed Oops mode: Zero based, Oop shift amount: 3

CDS archive(s) mapped at: [0x0000000800000000-0x0000000800bc0000-0x0000000800bc0000), size 12320768, SharedBaseAddress: 0x0000000800000000, ArchiveRelocationMode: 0.
Compressed class space mapped at: 0x0000000800c00000-0x0000000840c00000, reserved size: 1073741824
Narrow klass base: 0x0000000800000000, Narrow klass shift: 0, Narrow klass range: 0x100000000

GC Precious Log:
 CPUs: 4 total, 4 available
 Memory: 32719M
 Large Page Support: Disabled
 NUMA Support: Disabled
 Compressed Oops: Enabled (Zero based)
 Heap Region Size: 4M
 Heap Min Capacity: 8M
 Heap Initial Capacity: 512M
 Heap Max Capacity: 8180M
 Pre-touch: Disabled
 Parallel Workers: 4
 Concurrent Workers: 1
 Concurrent Refinement Workers: 4
 Periodic GC: Disabled

Heap:
 garbage-first heap   total 524288K, used 3959K [0x0000000600c00000, 0x0000000800000000)
  region size 4096K, 2 young (8192K), 1 survivors (4096K)
 Metaspace       used 6690K, committed 6976K, reserved 1056768K
  class space    used 475K, committed 640K, reserved 1048576K

Heap Regions: E=young(eden), S=young(survivor), O=old, HS=humongous(starts), HC=humongous(continues), CS=collection set, F=free, OA=open archive, CA=closed archive, TAMS=top-at-mark-start (previous, next)
|   0|0x0000000600c00000, 0x0000000600c00000, 0x0000000601000000|  0%| F|  |TAMS 0x0000000600c00000, 0x0000000600c00000| Untracked 
|   1|0x0000000601000000, 0x0000000601000000, 0x0000000601400000|  0%| F|  |TAMS 0x0000000601000000, 0x0000000601000000| Untracked 
|   2|0x0000000601400000, 0x0000000601400000, 0x0000000601800000|  0%| F|  |TAMS 0x0000000601400000, 0x0000000601400000| Untracked 
|   3|0x0000000601800000, 0x0000000601800000, 0x0000000601c00000|  0%| F|  |TAMS 0x0000000601800000, 0x0000000601800000| Untracked 
|   4|0x0000000601c00000, 0x0000000601c00000, 0x0000000602000000|  0%| F|  |TAMS 0x0000000601c00000, 0x0000000601c00000| Untracked 
|   5|0x0000000602000000, 0x0000000602000000, 0x0000000602400000|  0%| F|  |TAMS 0x0000000602000000, 0x0000000602000000| Untracked 
|   6|0x0000000602400000, 0x0000000602400000, 0x0000000602800000|  0%| F|  |TAMS 0x0000000602400000, 0x0000000602400000| Untracked 
|   7|0x0000000602800000, 0x0000000602800000, 0x0000000602c00000|  0%| F|  |TAMS 0x0000000602800000, 0x0000000602800000| Untracked 
|   8|0x0000000602c00000, 0x0000000602c00000, 0x0000000603000000|  0%| F|  |TAMS 0x0000000602c00000, 0x0000000602c00000| Untracked 
|   9|0x0000000603000000, 0x0000000603000000, 0x0000000603400000|  0%| F|  |TAMS 0x0000000603000000, 0x0000000603000000| Untracked 
|  10|0x0000000603400000, 0x0000000603400000, 0x0000000603800000|  0%| F|  |TAMS 0x0000000603400000, 0x0000000603400000| Untracked 
|  11|0x0000000603800000, 0x0000000603800000, 0x0000000603c00000|  0%| F|  |TAMS 0x0000000603800000, 0x0000000603800000| Untracked 
|  12|0x0000000603c00000, 0x0000000603c00000, 0x0000000604000000|  0%| F|  |TAMS 0x0000000603c00000, 0x0000000603c00000| Untracked 
|  13|0x0000000604000000, 0x0000000604000000, 0x0000000604400000|  0%| F|  |TAMS 0x0000000604000000, 0x0000000604000000| Untracked 
|  14|0x0000000604400000, 0x0000000604400000, 0x0000000604800000|  0%| F|  |TAMS 0x0000000604400000, 0x0000000604400000| Untracked 
|  15|0x0000000604800000, 0x0000000604800000, 0x0000000604c00000|  0%| F|  |TAMS 0x0000000604800000, 0x0000000604800000| Untracked 
|  16|0x0000000604c00000, 0x0000000604c00000, 0x0000000605000000|  0%| F|  |TAMS 0x0000000604c00000, 0x0000000604c00000| Untracked 
|  17|0x0000000605000000, 0x0000000605000000, 0x0000000605400000|  0%| F|  |TAMS 0x0000000605000000, 0x0000000605000000| Untracked 
|  18|0x0000000605400000, 0x0000000605400000, 0x0000000605800000|  0%| F|  |TAMS 0x0000000605400000, 0x0000000605400000| Untracked 
|  19|0x0000000605800000, 0x0000000605800000, 0x0000000605c00000|  0%| F|  |TAMS 0x0000000605800000, 0x0000000605800000| Untracked 
|  20|0x0000000605c00000, 0x0000000605c00000, 0x0000000606000000|  0%| F|  |TAMS 0x0000000605c00000, 0x0000000605c00000| Untracked 
|  21|0x0000000606000000, 0x0000000606000000, 0x0000000606400000|  0%| F|  |TAMS 0x0000000606000000, 0x0000000606000000| Untracked 
|  22|0x0000000606400000, 0x0000000606400000, 0x0000000606800000|  0%| F|  |TAMS 0x0000000606400000, 0x0000000606400000| Untracked 
|  23|0x0000000606800000, 0x0000000606800000, 0x0000000606c00000|  0%| F|  |TAMS 0x0000000606800000, 0x0000000606800000| Untracked 
|  24|0x0000000606c00000, 0x0000000606c00000, 0x0000000607000000|  0%| F|  |TAMS 0x0000000606c00000, 0x0000000606c00000| Untracked 
|  25|0x0000000607000000, 0x0000000607000000, 0x0000000607400000|  0%| F|  |TAMS 0x0000000607000000, 0x0000000607000000| Untracked 
|  26|0x0000000607400000, 0x0000000607400000, 0x0000000607800000|  0%| F|  |TAMS 0x0000000607400000, 0x0000000607400000| Untracked 
|  27|0x0000000607800000, 0x0000000607800000, 0x0000000607c00000|  0%| F|  |TAMS 0x0000000607800000, 0x0000000607800000| Untracked 
|  28|0x0000000607c00000, 0x0000000607c00000, 0x0000000608000000|  0%| F|  |TAMS 0x0000000607c00000, 0x0000000607c00000| Untracked 
|  29|0x0000000608000000, 0x0000000608000000, 0x0000000608400000|  0%| F|  |TAMS 0x0000000608000000, 0x0000000608000000| Untracked 
|  30|0x0000000608400000, 0x0000000608400000, 0x0000000608800000|  0%| F|  |TAMS 0x0000000608400000, 0x0000000608400000| Untracked 
|  31|0x0000000608800000, 0x0000000608800000, 0x0000000608c00000|  0%| F|  |TAMS 0x0000000608800000, 0x0000000608800000| Untracked 
|  32|0x0000000608c00000, 0x0000000608c00000, 0x0000000609000000|  0%| F|  |TAMS 0x0000000608c00000, 0x0000000608c00000| Untracked 
|  33|0x0000000609000000, 0x0000000609000000, 0x0000000609400000|  0%| F|  |TAMS 0x0000000609000000, 0x0000000609000000| Untracked 
|  34|0x0000000609400000, 0x0000000609400000, 0x0000000609800000|  0%| F|  |TAMS 0x0000000609400000, 0x0000000609400000| Untracked 
|  35|0x0000000609800000, 0x0000000609800000, 0x0000000609c00000|  0%| F|  |TAMS 0x0000000609800000, 0x0000000609800000| Untracked 
|  36|0x0000000609c00000, 0x0000000609c00000, 0x000000060a000000|  0%| F|  |TAMS 0x0000000609c00000, 0x0000000609c00000| Untracked 
|  37|0x000000060a000000, 0x000000060a000000, 0x000000060a400000|  0%| F|  |TAMS 0x000000060a000000, 0x000000060a000000| Untracked 
|  38|0x000000060a400000, 0x000000060a400000, 0x000000060a800000|  0%| F|  |TAMS 0x000000060a400000, 0x000000060a400000| Untracked 
|  39|0x000000060a800000, 0x000000060a800000, 0x000000060ac00000|  0%| F|  |TAMS 0x000000060a800000, 0x000000060a800000| Untracked 
|  40|0x000000060ac00000, 0x000000060ac00000, 0x000000060b000000|  0%| F|  |TAMS 0x000000060ac00000, 0x000000060ac00000| Untracked 
|  41|0x000000060b000000, 0x000000060b000000, 0x000000060b400000|  0%| F|  |TAMS 0x000000060b000000, 0x000000060b000000| Untracked 
|  42|0x000000060b400000, 0x000000060b400000, 0x000000060b800000|  0%| F|  |TAMS 0x000000060b400000, 0x000000060b400000| Untracked 
|  43|0x000000060b800000, 0x000000060b800000, 0x000000060bc00000|  0%| F|  |TAMS 0x000000060b800000, 0x000000060b800000| Untracked 
|  44|0x000000060bc00000, 0x000000060bc00000, 0x000000060c000000|  0%| F|  |TAMS 0x000000060bc00000, 0x000000060bc00000| Untracked 
|  45|0x000000060c000000, 0x000000060c000000, 0x000000060c400000|  0%| F|  |TAMS 0x000000060c000000, 0x000000060c000000| Untracked 
|  46|0x000000060c400000, 0x000000060c400000, 0x000000060c800000|  0%| F|  |TAMS 0x000000060c400000, 0x000000060c400000| Untracked 
|  47|0x000000060c800000, 0x000000060c800000, 0x000000060cc00000|  0%| F|  |TAMS 0x000000060c800000, 0x000000060c800000| Untracked 
|  48|0x000000060cc00000, 0x000000060cc00000, 0x000000060d000000|  0%| F|  |TAMS 0x000000060cc00000, 0x000000060cc00000| Untracked 
|  49|0x000000060d000000, 0x000000060d000000, 0x000000060d400000|  0%| F|  |TAMS 0x000000060d000000, 0x000000060d000000| Untracked 
|  50|0x000000060d400000, 0x000000060d400000, 0x000000060d800000|  0%| F|  |TAMS 0x000000060d400000, 0x000000060d400000| Untracked 
|  51|0x000000060d800000, 0x000000060d800000, 0x000000060dc00000|  0%| F|  |TAMS 0x000000060d800000, 0x000000060d800000| Untracked 
|  52|0x000000060dc00000, 0x000000060dc00000, 0x000000060e000000|  0%| F|  |TAMS 0x000000060dc00000, 0x000000060dc00000| Untracked 
|  53|0x000000060e000000, 0x000000060e000000, 0x000000060e400000|  0%| F|  |TAMS 0x000000060e000000, 0x000000060e000000| Untracked 
|  54|0x000000060e400000, 0x000000060e400000, 0x000000060e800000|  0%| F|  |TAMS 0x000000060e400000, 0x000000060e400000| Untracked 
|  55|0x000000060e800000, 0x000000060e800000, 0x000000060ec00000|  0%| F|  |TAMS 0x000000060e800000, 0x000000060e800000| Untracked 
|  56|0x000000060ec00000, 0x000000060ec00000, 0x000000060f000000|  0%| F|  |TAMS 0x000000060ec00000, 0x000000060ec00000| Untracked 
|  57|0x000000060f000000, 0x000000060f000000, 0x000000060f400000|  0%| F|  |TAMS 0x000000060f000000, 0x000000060f000000| Untracked 
|  58|0x000000060f400000, 0x000000060f400000, 0x000000060f800000|  0%| F|  |TAMS 0x000000060f400000, 0x000000060f400000| Untracked 
|  59|0x000000060f800000, 0x000000060f800000, 0x000000060fc00000|  0%| F|  |TAMS 0x000000060f800000, 0x000000060f800000| Untracked 
|  60|0x000000060fc00000, 0x000000060fc00000, 0x0000000610000000|  0%| F|  |TAMS 0x000000060fc00000, 0x000000060fc00000| Untracked 
|  61|0x0000000610000000, 0x0000000610000000, 0x0000000610400000|  0%| F|  |TAMS 0x0000000610000000, 0x0000000610000000| Untracked 
|  62|0x0000000610400000, 0x0000000610400000, 0x0000000610800000|  0%| F|  |TAMS 0x0000000610400000, 0x0000000610400000| Untracked 
|  63|0x0000000610800000, 0x0000000610800000, 0x0000000610c00000|  0%| F|  |TAMS 0x0000000610800000, 0x0000000610800000| Untracked 
|  64|0x0000000610c00000, 0x0000000610c00000, 0x0000000611000000|  0%| F|  |TAMS 0x0000000610c00000, 0x0000000610c00000| Untracked 
|  65|0x0000000611000000, 0x0000000611000000, 0x0000000611400000|  0%| F|  |TAMS 0x0000000611000000, 0x0000000611000000| Untracked 
|  66|0x0000000611400000, 0x0000000611400000, 0x0000000611800000|  0%| F|  |TAMS 0x0000000611400000, 0x0000000611400000| Untracked 
|  67|0x0000000611800000, 0x0000000611800000, 0x0000000611c00000|  0%| F|  |TAMS 0x0000000611800000, 0x0000000611800000| Untracked 
|  68|0x0000000611c00000, 0x0000000611c00000, 0x0000000612000000|  0%| F|  |TAMS 0x0000000611c00000, 0x0000000611c00000| Untracked 
|  69|0x0000000612000000, 0x0000000612000000, 0x0000000612400000|  0%| F|  |TAMS 0x0000000612000000, 0x0000000612000000| Untracked 
|  70|0x0000000612400000, 0x0000000612400000, 0x0000000612800000|  0%| F|  |TAMS 0x0000000612400000, 0x0000000612400000| Untracked 
|  71|0x0000000612800000, 0x0000000612800000, 0x0000000612c00000|  0%| F|  |TAMS 0x0000000612800000, 0x0000000612800000| Untracked 
|  72|0x0000000612c00000, 0x0000000612c00000, 0x0000000613000000|  0%| F|  |TAMS 0x0000000612c00000, 0x0000000612c00000| Untracked 
|  73|0x0000000613000000, 0x0000000613000000, 0x0000000613400000|  0%| F|  |TAMS 0x0000000613000000, 0x0000000613000000| Untracked 
|  74|0x0000000613400000, 0x0000000613400000, 0x0000000613800000|  0%| F|  |TAMS 0x0000000613400000, 0x0000000613400000| Untracked 
|  75|0x0000000613800000, 0x0000000613800000, 0x0000000613c00000|  0%| F|  |TAMS 0x0000000613800000, 0x0000000613800000| Untracked 
|  76|0x0000000613c00000, 0x0000000613c00000, 0x0000000614000000|  0%| F|  |TAMS 0x0000000613c00000, 0x0000000613c00000| Untracked 
|  77|0x0000000614000000, 0x0000000614000000, 0x0000000614400000|  0%| F|  |TAMS 0x0000000614000000, 0x0000000614000000| Untracked 
|  78|0x0000000614400000, 0x0000000614400000, 0x0000000614800000|  0%| F|  |TAMS 0x0000000614400000, 0x0000000614400000| Untracked 
|  79|0x0000000614800000, 0x0000000614800000, 0x0000000614c00000|  0%| F|  |TAMS 0x0000000614800000, 0x0000000614800000| Untracked 
|  80|0x0000000614c00000, 0x0000000614c00000, 0x0000000615000000|  0%| F|  |TAMS 0x0000000614c00000, 0x0000000614c00000| Untracked 
|  81|0x0000000615000000, 0x0000000615000000, 0x0000000615400000|  0%| F|  |TAMS 0x0000000615000000, 0x0000000615000000| Untracked 
|  82|0x0000000615400000, 0x0000000615400000, 0x0000000615800000|  0%| F|  |TAMS 0x0000000615400000, 0x0000000615400000| Untracked 
|  83|0x0000000615800000, 0x0000000615800000, 0x0000000615c00000|  0%| F|  |TAMS 0x0000000615800000, 0x0000000615800000| Untracked 
|  84|0x0000000615c00000, 0x0000000615c00000, 0x0000000616000000|  0%| F|  |TAMS 0x0000000615c00000, 0x0000000615c00000| Untracked 
|  85|0x0000000616000000, 0x0000000616000000, 0x0000000616400000|  0%| F|  |TAMS 0x0000000616000000, 0x0000000616000000| Untracked 
|  86|0x0000000616400000, 0x0000000616400000, 0x0000000616800000|  0%| F|  |TAMS 0x0000000616400000, 0x0000000616400000| Untracked 
|  87|0x0000000616800000, 0x0000000616800000, 0x0000000616c00000|  0%| F|  |TAMS 0x0000000616800000, 0x0000000616800000| Untracked 
|  88|0x0000000616c00000, 0x0000000616c00000, 0x0000000617000000|  0%| F|  |TAMS 0x0000000616c00000, 0x0000000616c00000| Untracked 
|  89|0x0000000617000000, 0x0000000617000000, 0x0000000617400000|  0%| F|  |TAMS 0x0000000617000000, 0x0000000617000000| Untracked 
|  90|0x0000000617400000, 0x0000000617400000, 0x0000000617800000|  0%| F|  |TAMS 0x0000000617400000, 0x0000000617400000| Untracked 
|  91|0x0000000617800000, 0x0000000617800000, 0x0000000617c00000|  0%| F|  |TAMS 0x0000000617800000, 0x0000000617800000| Untracked 
|  92|0x0000000617c00000, 0x0000000617c00000, 0x0000000618000000|  0%| F|  |TAMS 0x0000000617c00000, 0x0000000617c00000| Untracked 
|  93|0x0000000618000000, 0x0000000618000000, 0x0000000618400000|  0%| F|  |TAMS 0x0000000618000000, 0x0000000618000000| Untracked 
|  94|0x0000000618400000, 0x0000000618400000, 0x0000000618800000|  0%| F|  |TAMS 0x0000000618400000, 0x0000000618400000| Untracked 
|  95|0x0000000618800000, 0x0000000618800000, 0x0000000618c00000|  0%| F|  |TAMS 0x0000000618800000, 0x0000000618800000| Untracked 
|  96|0x0000000618c00000, 0x0000000618c00000, 0x0000000619000000|  0%| F|  |TAMS 0x0000000618c00000, 0x0000000618c00000| Untracked 
|  97|0x0000000619000000, 0x0000000619000000, 0x0000000619400000|  0%| F|  |TAMS 0x0000000619000000, 0x0000000619000000| Untracked 
|  98|0x0000000619400000, 0x0000000619400000, 0x0000000619800000|  0%| F|  |TAMS 0x0000000619400000, 0x0000000619400000| Untracked 
|  99|0x0000000619800000, 0x0000000619800000, 0x0000000619c00000|  0%| F|  |TAMS 0x0000000619800000, 0x0000000619800000| Untracked 
| 100|0x0000000619c00000, 0x0000000619c00000, 0x000000061a000000|  0%| F|  |TAMS 0x0000000619c00000, 0x0000000619c00000| Untracked 
| 101|0x000000061a000000, 0x000000061a000000, 0x000000061a400000|  0%| F|  |TAMS 0x000000061a000000, 0x000000061a000000| Untracked 
| 102|0x000000061a400000, 0x000000061a400000, 0x000000061a800000|  0%| F|  |TAMS 0x000000061a400000, 0x000000061a400000| Untracked 
| 103|0x000000061a800000, 0x000000061a800000, 0x000000061ac00000|  0%| F|  |TAMS 0x000000061a800000, 0x000000061a800000| Untracked 
| 104|0x000000061ac00000, 0x000000061ac00000, 0x000000061b000000|  0%| F|  |TAMS 0x000000061ac00000, 0x000000061ac00000| Untracked 
| 105|0x000000061b000000, 0x000000061b000000, 0x000000061b400000|  0%| F|  |TAMS 0x000000061b000000, 0x000000061b000000| Untracked 
| 106|0x000000061b400000, 0x000000061b400000, 0x000000061b800000|  0%| F|  |TAMS 0x000000061b400000, 0x000000061b400000| Untracked 
| 107|0x000000061b800000, 0x000000061b800000, 0x000000061bc00000|  0%| F|  |TAMS 0x000000061b800000, 0x000000061b800000| Untracked 
| 108|0x000000061bc00000, 0x000000061bc00000, 0x000000061c000000|  0%| F|  |TAMS 0x000000061bc00000, 0x000000061bc00000| Untracked 
| 109|0x000000061c000000, 0x000000061c000000, 0x000000061c400000|  0%| F|  |TAMS 0x000000061c000000, 0x000000061c000000| Untracked 
| 110|0x000000061c400000, 0x000000061c400000, 0x000000061c800000|  0%| F|  |TAMS 0x000000061c400000, 0x000000061c400000| Untracked 
| 111|0x000000061c800000, 0x000000061c800000, 0x000000061cc00000|  0%| F|  |TAMS 0x000000061c800000, 0x000000061c800000| Untracked 
| 112|0x000000061cc00000, 0x000000061cc00000, 0x000000061d000000|  0%| F|  |TAMS 0x000000061cc00000, 0x000000061cc00000| Untracked 
| 113|0x000000061d000000, 0x000000061d000000, 0x000000061d400000|  0%| F|  |TAMS 0x000000061d000000, 0x000000061d000000| Untracked 
| 114|0x000000061d400000, 0x000000061d400000, 0x000000061d800000|  0%| F|  |TAMS 0x000000061d400000, 0x000000061d400000| Untracked 
| 115|0x000000061d800000, 0x000000061d800000, 0x000000061dc00000|  0%| F|  |TAMS 0x000000061d800000, 0x000000061d800000| Untracked 
| 116|0x000000061dc00000, 0x000000061dc00000, 0x000000061e000000|  0%| F|  |TAMS 0x000000061dc00000, 0x000000061dc00000| Untracked 
| 117|0x000000061e000000, 0x000000061e000000, 0x000000061e400000|  0%| F|  |TAMS 0x000000061e000000, 0x000000061e000000| Untracked 
| 118|0x000000061e400000, 0x000000061e400000, 0x000000061e800000|  0%| F|  |TAMS 0x000000061e400000, 0x000000061e400000| Untracked 
| 119|0x000000061e800000, 0x000000061e800000, 0x000000061ec00000|  0%| F|  |TAMS 0x000000061e800000, 0x000000061e800000| Untracked 
| 120|0x000000061ec00000, 0x000000061ec00000, 0x000000061f000000|  0%| F|  |TAMS 0x000000061ec00000, 0x000000061ec00000| Untracked 
| 121|0x000000061f000000, 0x000000061f3ddfa0, 0x000000061f400000| 96%| S|CS|TAMS 0x000000061f000000, 0x000000061f000000| Complete 
| 122|0x000000061f400000, 0x000000061f400000, 0x000000061f800000|  0%| F|  |TAMS 0x000000061f400000, 0x000000061f400000| Untracked 
| 123|0x000000061f800000, 0x000000061f800000, 0x000000061fc00000|  0%| F|  |TAMS 0x000000061f800000, 0x000000061f800000| Untracked 
| 124|0x000000061fc00000, 0x000000061fc00000, 0x0000000620000000|  0%| F|  |TAMS 0x000000061fc00000, 0x000000061fc00000| Untracked 
| 125|0x0000000620000000, 0x0000000620000000, 0x0000000620400000|  0%| F|  |TAMS 0x0000000620000000, 0x0000000620000000| Untracked 
| 126|0x0000000620400000, 0x0000000620400000, 0x0000000620800000|  0%| F|  |TAMS 0x0000000620400000, 0x0000000620400000| Untracked 
| 127|0x0000000620800000, 0x00000006208c4450, 0x0000000620c00000| 19%| E|  |TAMS 0x0000000620800000, 0x0000000620800000| Complete 

Card table byte_map: [0x0000018980000000,0x0000018981000000] _byte_map_base: 0x000001897cffa000

Marking Bits (Prev, Next): (CMBitMap*) 0x00000189e6060240, (CMBitMap*) 0x00000189e6060280
 Prev Bits: [0x0000018982000000, 0x0000018989fd0000)
 Next Bits: [0x0000018989fd0000, 0x0000018991fa0000)

Polling page: 0x00000189e6090000

Metaspace:

Usage:
  Non-class:      6.07 MB used.
      Class:    475.44 KB used.
       Both:      6.53 MB used.

Virtual space:
  Non-class space:        8.00 MB reserved,       6.19 MB ( 77%) committed,  1 nodes.
      Class space:        1.00 GB reserved,     640.00 KB ( <1%) committed,  1 nodes.
             Both:        1.01 GB reserved,       6.81 MB ( <1%) committed. 

Chunk freelists:
   Non-Class:  736.00 KB
       Class:  3.23 MB
        Both:  3.95 MB

MaxMetaspaceSize: unlimited
CompressedClassSpaceSize: 1.00 GB
Initial GC threshold: 21.00 MB
Current GC threshold: 21.00 MB
CDS: on
MetaspaceReclaimPolicy: balanced
 - commit_granule_bytes: 65536.
 - commit_granule_words: 8192.
 - virtual_space_node_default_size: 1048576.
 - enlarge_chunks_in_place: 1.
 - new_chunks_are_fully_committed: 0.
 - uncommit_free_chunks: 1.
 - use_allocation_guard: 0.
 - handle_deallocations: 1.


Internal statistics:

num_allocs_failed_limit: 0.
num_arena_births: 190.
num_arena_deaths: 0.
num_vsnodes_births: 2.
num_vsnodes_deaths: 0.
num_space_committed: 107.
num_space_uncommitted: 0.
num_chunks_returned_to_freelist: 0.
num_chunks_taken_from_freelist: 373.
num_chunk_merges: 0.
num_chunk_splits: 232.
num_chunks_enlarged: 142.
num_purges: 0.
num_inconsistent_stats: 0.

CodeHeap 'non-profiled nmethods': size=120000Kb used=432Kb max_used=432Kb free=119567Kb
 bounds [0x00000189f6af0000, 0x00000189f6d60000, 0x00000189fe020000]
CodeHeap 'profiled nmethods': size=120000Kb used=2117Kb max_used=2117Kb free=117882Kb
 bounds [0x00000189ef5c0000, 0x00000189ef830000, 0x00000189f6af0000]
CodeHeap 'non-nmethods': size=5760Kb used=1720Kb max_used=1737Kb free=4039Kb
 bounds [0x00000189ef020000, 0x00000189ef290000, 0x00000189ef5c0000]
 total_blobs=2540 nmethods=1352 adapters=1101
 compilation: enabled
              stopped_count=0, restarted_count=0
 full_count=0

Compilation events (20 events):
Event: 3.136 Thread 0x00000189949173e0 nmethod 1333 0x00000189ef7c2a10 code [0x00000189ef7c2ca0, 0x00000189ef7c33a8]
Event: 3.136 Thread 0x00000189949173e0 1334       3       imgui.ImGui::dockSpaceOverViewport (10 bytes)
Event: 3.136 Thread 0x00000189949173e0 nmethod 1334 0x00000189ef7c3790 code [0x00000189ef7c3920, 0x00000189ef7c3a48]
Event: 3.275 Thread 0x0000018994915ba0 1336       4       java.nio.Buffer::limit (65 bytes)
Event: 3.275 Thread 0x0000018994915ba0 nmethod 1336 0x00000189f6b59690 code [0x00000189f6b59800, 0x00000189f6b598f8]
Event: 3.304 Thread 0x00000189949173e0 1339       3       org.lwjgl.glfw.GLFW::glfwWindowShouldClose (29 bytes)
Event: 3.304 Thread 0x00000189949173e0 nmethod 1339 0x00000189ef7c3b10 code [0x00000189ef7c3ce0, 0x00000189ef7c3fd8]
Event: 3.304 Thread 0x00000189949173e0 1341       3       window.input.Keyboard::update (1082 bytes)
Event: 3.309 Thread 0x00000189949173e0 nmethod 1341 0x00000189ef7c4110 code [0x00000189ef7c4d80, 0x00000189ef7ca278]
Event: 3.309 Thread 0x00000189949173e0 1342       3       window.input.Mouse::update (82 bytes)
Event: 3.309 Thread 0x00000189949173e0 nmethod 1342 0x00000189ef7cc510 code [0x00000189ef7cc760, 0x00000189ef7ccfa8]
Event: 3.309 Thread 0x00000189949173e0 1343       3       editor.Editor::update (226 bytes)
Event: 3.311 Thread 0x0000018994915ba0 1354       4       entity.Entity::onRender (29 bytes)
Event: 3.311 Thread 0x00000189949173e0 nmethod 1343 0x00000189ef7cd290 code [0x00000189ef7cd780, 0x00000189ef7cf868]
Event: 3.311 Thread 0x00000189949173e0 1344       3       TitianCreator$$Lambda$96/0x0000000800c3cd38::method (5 bytes)
Event: 3.311 Thread 0x00000189949173e0 nmethod 1344 0x00000189ef7d0810 code [0x00000189ef7d09a0, 0x00000189ef7d0af8]
Event: 3.311 Thread 0x00000189949173e0 1345       3       TitianCreator::update (1 bytes)
Event: 3.312 Thread 0x00000189949173e0 nmethod 1345 0x00000189ef7d0b90 code [0x00000189ef7d0d20, 0x00000189ef7d0e18]
Event: 3.312 Thread 0x00000189949173e0 1353       3       org.lwjgl.glfw.GLFW::glfwGetInputMode (22 bytes)
Event: 3.312 Thread 0x00000189949173e0 nmethod 1353 0x00000189ef7d0e90 code [0x00000189ef7d1040, 0x00000189ef7d12f8]

GC Heap History (2 events):
Event: 2.995 GC heap before
{Heap before GC invocations=0 (full 0):
 garbage-first heap   total 524288K, used 24576K [0x0000000600c00000, 0x0000000800000000)
  region size 4096K, 6 young (24576K), 0 survivors (0K)
 Metaspace       used 6672K, committed 6976K, reserved 1056768K
  class space    used 475K, committed 640K, reserved 1048576K
}
Event: 2.999 GC heap after
{Heap after GC invocations=1 (full 0):
 garbage-first heap   total 524288K, used 3959K [0x0000000600c00000, 0x0000000800000000)
  region size 4096K, 1 young (4096K), 1 survivors (4096K)
 Metaspace       used 6672K, committed 6976K, reserved 1056768K
  class space    used 475K, committed 640K, reserved 1048576K
}

Deoptimization events (20 events):
Event: 0.783 Thread 0x00000189e5fb2d00 Uncommon trap: trap_request=0xffffff5c fr.pc=0x00000189f6b1d2d8 relative=0x0000000000000058
Event: 0.783 Thread 0x00000189e5fb2d00 Uncommon trap: reason=speculate_null_check action=make_not_entrant pc=0x00000189f6b1d2d8 method=sun.misc.Unsafe.putInt(Ljava/lang/Object;JI)V @ 7 c2
Event: 0.783 Thread 0x00000189e5fb2d00 DEOPT PACKING pc=0x00000189f6b1d2d8 sp=0x000000162cfff3f0
Event: 0.783 Thread 0x00000189e5fb2d00 DEOPT UNPACKING pc=0x00000189ef0723a3 sp=0x000000162cfff370 mode 2
Event: 1.971 Thread 0x00000189e5fb2d00 Uncommon trap: trap_request=0xffffff45 fr.pc=0x00000189f6b4ca7c relative=0x000000000000007c
Event: 1.971 Thread 0x00000189e5fb2d00 Uncommon trap: reason=unstable_if action=reinterpret pc=0x00000189f6b4ca7c method=window.input.Key.update(Z)V @ 36 c2
Event: 1.971 Thread 0x00000189e5fb2d00 DEOPT PACKING pc=0x00000189f6b4ca7c sp=0x000000162cfff530
Event: 1.971 Thread 0x00000189e5fb2d00 DEOPT UNPACKING pc=0x00000189ef0723a3 sp=0x000000162cfff4d0 mode 2
Event: 2.051 Thread 0x00000189e5fb2d00 Uncommon trap: trap_request=0xffffff45 fr.pc=0x00000189f6b4cd90 relative=0x0000000000000070
Event: 2.051 Thread 0x00000189e5fb2d00 Uncommon trap: reason=unstable_if action=reinterpret pc=0x00000189f6b4cd90 method=window.input.Key.getKeyState(JI)Z @ 6 c2
Event: 2.051 Thread 0x00000189e5fb2d00 DEOPT PACKING pc=0x00000189f6b4cd90 sp=0x000000162cfff520
Event: 2.051 Thread 0x00000189e5fb2d00 DEOPT UNPACKING pc=0x00000189ef0723a3 sp=0x000000162cfff4c8 mode 2
Event: 3.062 Thread 0x00000189e5fb2d00 Uncommon trap: trap_request=0xffffffde fr.pc=0x00000189f6b53d6c relative=0x00000000000000cc
Event: 3.062 Thread 0x00000189e5fb2d00 Uncommon trap: reason=class_check action=maybe_recompile pc=0x00000189f6b53d6c method=window.input.Key.update(Z)V @ 15 c2
Event: 3.062 Thread 0x00000189e5fb2d00 DEOPT PACKING pc=0x00000189f6b53d6c sp=0x000000162cfff540
Event: 3.062 Thread 0x00000189e5fb2d00 DEOPT UNPACKING pc=0x00000189ef0723a3 sp=0x000000162cfff4e0 mode 2
Event: 3.093 Thread 0x00000189e5fb2d00 Uncommon trap: trap_request=0xffffffde fr.pc=0x00000189f6b53d6c relative=0x00000000000000cc
Event: 3.093 Thread 0x00000189e5fb2d00 Uncommon trap: reason=class_check action=maybe_recompile pc=0x00000189f6b53d6c method=window.input.Key.update(Z)V @ 15 c2
Event: 3.093 Thread 0x00000189e5fb2d00 DEOPT PACKING pc=0x00000189f6b53d6c sp=0x000000162cfff550
Event: 3.093 Thread 0x00000189e5fb2d00 DEOPT UNPACKING pc=0x00000189ef0723a3 sp=0x000000162cfff4f0 mode 2

Classes unloaded (0 events):
No events

Classes redefined (0 events):
No events

Internal exceptions (20 events):
Event: 0.834 Thread 0x00000189e5fb2d00 Exception <a 'java/io/FileNotFoundException'{0x000000061fdb4ed8}> (0x000000061fdb4ed8) 
thrown [s\open\src\hotspot\share\prims\jni.cpp, line 516]
Event: 0.834 Thread 0x00000189e5fb2d00 Exception <a 'java/io/FileNotFoundException'{0x000000061fdb61b8}> (0x000000061fdb61b8) 
thrown [s\open\src\hotspot\share\prims\jni.cpp, line 516]
Event: 0.872 Thread 0x00000189e5fb2d00 Exception <a 'java/lang/NoSuchMethodError'{0x000000061f821648}: static Lscene/Scene;.<clinit>()V> (0x000000061f821648) 
thrown [s\open\src\hotspot\share\prims\jni.cpp, line 1107]
Event: 0.889 Thread 0x00000189e5fb2d00 Exception <a 'java/lang/NoSuchMethodError'{0x000000061f876fd8}: static Lentity/Entity;.<clinit>()V> (0x000000061f876fd8) 
thrown [s\open\src\hotspot\share\prims\jni.cpp, line 1107]
Event: 0.889 Thread 0x00000189e5fb2d00 Exception <a 'java/lang/NoSuchMethodError'{0x000000061f878168}: static Lnamed/Named;.<clinit>()V> (0x000000061f878168) 
thrown [s\open\src\hotspot\share\prims\jni.cpp, line 1107]
Event: 0.890 Thread 0x00000189e5fb2d00 Exception <a 'java/lang/NoSuchMethodError'{0x000000061f87ed88}: static Lnamed/NameHolder;.<clinit>()V> (0x000000061f87ed88) 
thrown [s\open\src\hotspot\share\prims\jni.cpp, line 1107]
Event: 0.892 Thread 0x00000189e5fb2d00 Exception <a 'java/lang/NoSuchMethodError'{0x000000061f8967b0}: static Lentity/MaterialComponent;.<clinit>()V> (0x000000061f8967b0) 
thrown [s\open\src\hotspot\share\prims\jni.cpp, line 1107]
Event: 0.893 Thread 0x00000189e5fb2d00 Exception <a 'java/lang/NoSuchMethodError'{0x000000061f89dc00}: static Lmaterial/Material;.<clinit>()V> (0x000000061f89dc00) 
thrown [s\open\src\hotspot\share\prims\jni.cpp, line 1107]
Event: 0.894 Thread 0x00000189e5fb2d00 Exception <a 'java/lang/NoSuchMethodError'{0x000000061f8a72e0}: static Lmath/Float3;.<clinit>()V> (0x000000061f8a72e0) 
thrown [s\open\src\hotspot\share\prims\jni.cpp, line 1107]
Event: 0.896 Thread 0x00000189e5fb2d00 Exception <a 'java/lang/NoSuchMethodError'{0x000000061f8bcca8}: static Lglparts/Texture;.<clinit>()V> (0x000000061f8bcca8) 
thrown [s\open\src\hotspot\share\prims\jni.cpp, line 1107]
Event: 0.897 Thread 0x00000189e5fb2d00 Exception <a 'java/lang/NoSuchMethodError'{0x000000061f8bfcc8}: static Lglparts/GLObject;.<clinit>()V> (0x000000061f8bfcc8) 
thrown [s\open\src\hotspot\share\prims\jni.cpp, line 1107]
Event: 0.897 Thread 0x00000189e5fb2d00 Exception <a 'java/lang/NoSuchMethodError'{0x000000061f8c0e20}: static [B.<clinit>()V> (0x000000061f8c0e20) 
thrown [s\open\src\hotspot\share\prims\jni.cpp, line 1107]
Event: 0.907 Thread 0x00000189e5fb2d00 Exception <a 'java/lang/NoSuchMethodError'{0x000000061f8c8d98}: static Lmath/Int2;.<clinit>()V> (0x000000061f8c8d98) 
thrown [s\open\src\hotspot\share\prims\jni.cpp, line 1107]
Event: 0.908 Thread 0x00000189e5fb2d00 Exception <a 'java/lang/NoSuchMethodError'{0x000000061f8d13d0}: static Lentity/MeshComponent;.<clinit>()V> (0x000000061f8d13d0) 
thrown [s\open\src\hotspot\share\prims\jni.cpp, line 1107]
Event: 0.909 Thread 0x00000189e5fb2d00 Exception <a 'java/lang/NoSuchMethodError'{0x000000061f8d8128}: static Lglparts/Mesh;.<clinit>()V> (0x000000061f8d8128) 
thrown [s\open\src\hotspot\share\prims\jni.cpp, line 1107]
Event: 0.909 Thread 0x00000189e5fb2d00 Exception <a 'java/lang/NoSuchMethodError'{0x000000061f8da048}: static [Lmath/Vertex;.<clinit>()V> (0x000000061f8da048) 
thrown [s\open\src\hotspot\share\prims\jni.cpp, line 1107]
Event: 0.910 Thread 0x00000189e5fb2d00 Exception <a 'java/lang/NoSuchMethodError'{0x000000061f8e1e20}: static Lmath/Vertex;.<clinit>()V> (0x000000061f8e1e20) 
thrown [s\open\src\hotspot\share\prims\jni.cpp, line 1107]
Event: 0.911 Thread 0x00000189e5fb2d00 Exception <a 'java/lang/NoSuchMethodError'{0x000000061f8eb3c0}: static Lmath/Float2;.<clinit>()V> (0x000000061f8eb3c0) 
thrown [s\open\src\hotspot\share\prims\jni.cpp, line 1107]
Event: 0.913 Thread 0x00000189e5fb2d00 Exception <a 'java/lang/NoSuchMethodError'{0x000000061f8f83d8}: static Lentity/PhysicsComponent;.<clinit>()V> (0x000000061f8f83d8) 
thrown [s\open\src\hotspot\share\prims\jni.cpp, line 1107]
Event: 0.915 Thread 0x00000189e5fb2d00 Exception <a 'java/lang/NoSuchMethodError'{0x000000061f904808}: static Lentity/TransformComponent;.<clinit>()V> (0x000000061f904808) 
thrown [s\open\src\hotspot\share\prims\jni.cpp, line 1107]

VM Operations (10 events):
Event: 0.136 Executing VM operation: HandshakeAllThreads
Event: 0.136 Executing VM operation: HandshakeAllThreads done
Event: 0.636 Executing VM operation: HandshakeAllThreads
Event: 0.636 Executing VM operation: HandshakeAllThreads done
Event: 1.639 Executing VM operation: Cleanup
Event: 1.639 Executing VM operation: Cleanup done
Event: 2.642 Executing VM operation: Cleanup
Event: 2.642 Executing VM operation: Cleanup done
Event: 2.995 Executing VM operation: G1CollectForAllocation
Event: 3.000 Executing VM operation: G1CollectForAllocation done

Events (20 events):
Event: 1.053 loading class sun/util/locale/provider/TimeZoneNameProviderImpl done
Event: 1.053 loading class sun/util/cldr/CLDRTimeZoneNameProviderImpl done
Event: 1.054 loading class sun/util/locale/provider/BaseLocaleDataMetaInfo
Event: 1.054 loading class sun/util/locale/provider/BaseLocaleDataMetaInfo done
Event: 1.055 loading class sun/util/resources/cldr/TimeZoneNames
Event: 1.055 loading class sun/util/resources/TimeZoneNamesBundle
Event: 1.055 loading class sun/util/resources/OpenListResourceBundle
Event: 1.055 loading class sun/util/resources/OpenListResourceBundle done
Event: 1.055 loading class sun/util/resources/TimeZoneNamesBundle done
Event: 1.055 loading class sun/util/resources/cldr/TimeZoneNames done
Event: 1.056 loading class sun/util/resources/cldr/TimeZoneNames_en
Event: 1.056 loading class sun/util/resources/cldr/TimeZoneNames_en done
Event: 1.056 loading class sun/util/resources/cldr/TimeZoneNames_en_US
Event: 1.056 loading class sun/util/resources/cldr/TimeZoneNames_en_US done
Event: 1.057 loading class sun/util/resources/TimeZoneNames
Event: 1.058 loading class sun/util/resources/TimeZoneNames done
Event: 1.058 loading class sun/util/resources/TimeZoneNames_en
Event: 1.058 loading class sun/util/resources/TimeZoneNames_en done
Event: 1.983 loading class java/lang/StrictMath
Event: 1.983 loading class java/lang/StrictMath done


Dynamic libraries:
0x00007ff619440000 - 0x00007ff619450000 	C:\Program Files\Java\jdk-17.0.4.1\bin\java.exe
0x00007ffc04de0000 - 0x00007ffc04fe9000 	C:\WINDOWS\SYSTEM32\ntdll.dll
0x00007ffc02fb0000 - 0x00007ffc0306d000 	C:\WINDOWS\System32\KERNEL32.DLL
0x00007ffc022b0000 - 0x00007ffc0262d000 	C:\WINDOWS\System32\KERNELBASE.dll
0x00007ffc02a90000 - 0x00007ffc02ba1000 	C:\WINDOWS\System32\ucrtbase.dll
0x00007ffbf9880000 - 0x00007ffbf989a000 	C:\Program Files\Java\jdk-17.0.4.1\bin\VCRUNTIME140.dll
0x00007ffbf9200000 - 0x00007ffbf9218000 	C:\Program Files\Java\jdk-17.0.4.1\bin\jli.dll
0x00007ffc02c70000 - 0x00007ffc02d1e000 	C:\WINDOWS\System32\ADVAPI32.dll
0x00007ffc03830000 - 0x00007ffc038d3000 	C:\WINDOWS\System32\msvcrt.dll
0x00007ffc04b20000 - 0x00007ffc04bbe000 	C:\WINDOWS\System32\sechost.dll
0x00007ffc03290000 - 0x00007ffc033b0000 	C:\WINDOWS\System32\RPCRT4.dll
0x00007ffc03f00000 - 0x00007ffc040ad000 	C:\WINDOWS\System32\USER32.dll
0x00007ffbecb10000 - 0x00007ffbecdb5000 	C:\WINDOWS\WinSxS\amd64_microsoft.windows.common-controls_6595b64144ccf1df_6.0.22000.120_none_9d947278b86cc467\COMCTL32.dll
0x00007ffc02c30000 - 0x00007ffc02c56000 	C:\WINDOWS\System32\win32u.dll
0x00007ffc03b10000 - 0x00007ffc03b39000 	C:\WINDOWS\System32\GDI32.dll
0x00007ffc026a0000 - 0x00007ffc027b9000 	C:\WINDOWS\System32\gdi32full.dll
0x00007ffc029f0000 - 0x00007ffc02a8d000 	C:\WINDOWS\System32\msvcp_win.dll
0x00007ffbfb820000 - 0x00007ffbfb82a000 	C:\WINDOWS\SYSTEM32\VERSION.dll
0x00007ffc03070000 - 0x00007ffc030a1000 	C:\WINDOWS\System32\IMM32.DLL
0x00007ffbf9870000 - 0x00007ffbf987c000 	C:\Program Files\Java\jdk-17.0.4.1\bin\vcruntime140_1.dll
0x00007ffbf90f0000 - 0x00007ffbf917d000 	C:\Program Files\Java\jdk-17.0.4.1\bin\msvcp140.dll
0x00007ffbbece0000 - 0x00007ffbbf8a2000 	C:\Program Files\Java\jdk-17.0.4.1\bin\server\jvm.dll
0x00007ffc02c60000 - 0x00007ffc02c68000 	C:\WINDOWS\System32\PSAPI.DLL
0x00007ffbff650000 - 0x00007ffbff659000 	C:\WINDOWS\SYSTEM32\WSOCK32.dll
0x00007ffbf9d60000 - 0x00007ffbf9d93000 	C:\WINDOWS\SYSTEM32\WINMM.dll
0x00007ffc04260000 - 0x00007ffc042cf000 	C:\WINDOWS\System32\WS2_32.dll
0x00007ffc01330000 - 0x00007ffc01348000 	C:\WINDOWS\SYSTEM32\kernel.appcore.dll
0x00007ffbf94b0000 - 0x00007ffbf94ba000 	C:\Program Files\Java\jdk-17.0.4.1\bin\jimage.dll
0x00007ffbeeaa0000 - 0x00007ffbeecc1000 	C:\WINDOWS\SYSTEM32\DBGHELP.DLL
0x00007ffbe8e20000 - 0x00007ffbe8e51000 	C:\WINDOWS\SYSTEM32\dbgcore.DLL
0x00007ffc02bb0000 - 0x00007ffc02c2f000 	C:\WINDOWS\System32\bcryptPrimitives.dll
0x00007ffbf9300000 - 0x00007ffbf930e000 	C:\Program Files\Java\jdk-17.0.4.1\bin\instrument.dll
0x00007ffbf91d0000 - 0x00007ffbf91f5000 	C:\Program Files\Java\jdk-17.0.4.1\bin\java.dll
0x00007ffbf05b0000 - 0x00007ffbf0686000 	C:\Program Files\Java\jdk-17.0.4.1\bin\jsvml.dll
0x00007ffc042d0000 - 0x00007ffc04a88000 	C:\WINDOWS\System32\SHELL32.dll
0x00007ffc003a0000 - 0x00007ffc00c08000 	C:\WINDOWS\SYSTEM32\windows.storage.dll
0x00007ffc03b40000 - 0x00007ffc03eb7000 	C:\WINDOWS\System32\combase.dll
0x00007ffc00230000 - 0x00007ffc00396000 	C:\WINDOWS\SYSTEM32\wintypes.dll
0x00007ffc04170000 - 0x00007ffc0425a000 	C:\WINDOWS\System32\SHCORE.dll
0x00007ffc040b0000 - 0x00007ffc0410d000 	C:\WINDOWS\System32\shlwapi.dll
0x00007ffc021e0000 - 0x00007ffc02201000 	C:\WINDOWS\SYSTEM32\profapi.dll
0x00007ffbf8e30000 - 0x00007ffbf8e48000 	C:\Program Files\Java\jdk-17.0.4.1\bin\zip.dll
0x00007ffbf90d0000 - 0x00007ffbf90e9000 	C:\Program Files\Java\jdk-17.0.4.1\bin\net.dll
0x00007ffbfcf80000 - 0x00007ffbfd08c000 	C:\WINDOWS\SYSTEM32\WINHTTP.dll
0x00007ffc01840000 - 0x00007ffc018a7000 	C:\WINDOWS\system32\mswsock.dll
0x00007ffbf8e70000 - 0x00007ffbf8e86000 	C:\Program Files\Java\jdk-17.0.4.1\bin\nio.dll
0x00007ffbf7910000 - 0x00007ffbf792a000 	C:\Program Files\JetBrains\IntelliJ IDEA Community Edition 2022.2.1\bin\breakgen64.dll
0x00007ffbefd40000 - 0x00007ffbefdb5000 	C:\Users\Krimzo\AppData\Local\Temp\lwjglKrimzo\3.3.1-build-7\lwjgl.dll
0x00007ffbf0540000 - 0x00007ffbf05a1000 	C:\Users\Krimzo\AppData\Local\Temp\lwjglKrimzo\3.3.1-build-7\glfw.dll
0x00007ffbf6b00000 - 0x00007ffbf6b45000 	C:\WINDOWS\SYSTEM32\dinput8.dll
0x00007ffbf68d0000 - 0x00007ffbf68e1000 	C:\WINDOWS\SYSTEM32\xinput1_4.dll
0x00007ffc01fb0000 - 0x00007ffc01ffc000 	C:\WINDOWS\SYSTEM32\cfgmgr32.dll
0x00007ffc01f80000 - 0x00007ffc01fac000 	C:\WINDOWS\SYSTEM32\DEVOBJ.dll
0x00007ffbffd20000 - 0x00007ffbffd4f000 	C:\WINDOWS\SYSTEM32\dwmapi.dll
0x00007ffbece70000 - 0x00007ffbed039000 	C:\WINDOWS\SYSTEM32\inputhost.dll
0x00007ffbff420000 - 0x00007ffbff551000 	C:\WINDOWS\SYSTEM32\CoreMessaging.dll
0x00007ffbff980000 - 0x00007ffbffa2c000 	C:\WINDOWS\system32\uxtheme.dll
0x00007ffc01aa0000 - 0x00007ffc01aac000 	C:\WINDOWS\SYSTEM32\CRYPTBASE.DLL
0x00007ffc04bc0000 - 0x00007ffc04cdd000 	C:\WINDOWS\System32\MSCTF.dll
0x00007ffbf0c00000 - 0x00007ffbf0d01000 	C:\WINDOWS\SYSTEM32\opengl32.dll
0x00007ffbf9350000 - 0x00007ffbf937d000 	C:\WINDOWS\SYSTEM32\GLU32.dll
0x00007ffbffac0000 - 0x00007ffbffaf8000 	C:\WINDOWS\SYSTEM32\dxcore.dll
0x00007ffc04ce0000 - 0x00007ffc04d95000 	C:\WINDOWS\System32\clbcatq.dll
0x00007ffbb0390000 - 0x00007ffbb3549000 	C:\WINDOWS\System32\DriverStore\FileRepository\nv_dispi.inf_amd64_47917a79b8c7fd22\nvoglv64.dll
0x00007ffc033c0000 - 0x00007ffc0382c000 	C:\WINDOWS\System32\SETUPAPI.dll
0x00007ffc02e10000 - 0x00007ffc02faa000 	C:\WINDOWS\System32\ole32.dll
0x00007ffc030d0000 - 0x00007ffc031a6000 	C:\WINDOWS\System32\OLEAUT32.dll
0x00007ffbfe9f0000 - 0x00007ffbfea04000 	C:\WINDOWS\SYSTEM32\WTSAPI32.dll
0x00007ffc01ae0000 - 0x00007ffc01af2000 	C:\WINDOWS\SYSTEM32\msasn1.dll
0x00007ffbfa780000 - 0x00007ffbfa7b1000 	C:\WINDOWS\SYSTEM32\cryptnet.dll
0x00007ffc02880000 - 0x00007ffc029e2000 	C:\WINDOWS\System32\CRYPT32.dll
0x00007ffbfa570000 - 0x00007ffbfa6b9000 	C:\WINDOWS\SYSTEM32\drvstore.dll
0x00007ffc01b80000 - 0x00007ffc01bc1000 	C:\WINDOWS\SYSTEM32\wldp.dll
0x00007ffc02630000 - 0x00007ffc02698000 	C:\WINDOWS\System32\WINTRUST.dll
0x00007ffc01350000 - 0x00007ffc01384000 	C:\WINDOWS\SYSTEM32\ntmarta.dll
0x00007ffbabd20000 - 0x00007ffbabfe7000 	C:\WINDOWS\system32\nvspcap64.dll
0x00007ffc01c40000 - 0x00007ffc01c8d000 	C:\WINDOWS\SYSTEM32\powrprof.dll
0x00007ffc01b60000 - 0x00007ffc01b73000 	C:\WINDOWS\SYSTEM32\UMPDC.dll
0x00007ffc01730000 - 0x00007ffc01794000 	C:\WINDOWS\SYSTEM32\WINSTA.dll
0x00007ffbe4950000 - 0x00007ffbe4a7d000 	C:\WINDOWS\SYSTEM32\textinputframework.dll
0x00007ffbfd360000 - 0x00007ffbfd6cd000 	C:\WINDOWS\SYSTEM32\CoreUIComponents.dll
0x00007ffbefc80000 - 0x00007ffbefcdd000 	C:\Users\Krimzo\AppData\Local\Temp\lwjglKrimzo\3.3.1-build-7\lwjgl_opengl.dll
0x0000000064a00000 - 0x000000006580f000 	C:\Users\Krimzo\AppData\Local\Temp\imgui-java-natives_1664318053302\imgui-java64.dll
0x00007ffbefbf0000 - 0x00007ffbefc71000 	C:\Users\Krimzo\AppData\Local\Temp\lwjglKrimzo\3.3.1-build-7\lwjgl_stb.dll
0x00007ffbfa6c0000 - 0x00007ffbfa778000 	C:\WINDOWS\SYSTEM32\mscms.dll
0x00007ffc01c90000 - 0x00007ffc01cb7000 	C:\WINDOWS\SYSTEM32\bcrypt.dll
0x00007ffbf1740000 - 0x00007ffbf1784000 	C:\WINDOWS\SYSTEM32\icm32.dll
0x00007ffbefa60000 - 0x00007ffbefbef000 	C:\Program Files\Java\jdk-17.0.4.1\bin\awt.dll
0x00007ffbff810000 - 0x00007ffbff8a2000 	C:\WINDOWS\SYSTEM32\apphelp.dll

dbghelp: loaded successfully - version: 4.0.5 - missing functions: none
symbol engine: initialized successfully - sym options: 0x614 - pdb path: .;C:\Program Files\Java\jdk-17.0.4.1\bin;C:\WINDOWS\SYSTEM32;C:\WINDOWS\WinSxS\amd64_microsoft.windows.common-controls_6595b64144ccf1df_6.0.22000.120_none_9d947278b86cc467;C:\Program Files\Java\jdk-17.0.4.1\bin\server;C:\Program Files\JetBrains\IntelliJ IDEA Community Edition 2022.2.1\bin;C:\Users\Krimzo\AppData\Local\Temp\lwjglKrimzo\3.3.1-build-7;C:\WINDOWS\System32\DriverStore\FileRepository\nv_dispi.inf_amd64_47917a79b8c7fd22;C:\Users\Krimzo\AppData\Local\Temp\imgui-java-natives_1664318053302

VM Arguments:
jvm_args: -Djava.library.path=C:\Users\Krimzo\Documents\Hobby\Coding\Java\TitianCreator\imgui -javaagent:C:\Program Files\JetBrains\IntelliJ IDEA Community Edition 2022.2.1\lib\idea_rt.jar=62594:C:\Program Files\JetBrains\IntelliJ IDEA Community Edition 2022.2.1\bin -Dfile.encoding=UTF-8 
java_command: TitianCreator
java_class_path (initial): C:\Users\Krimzo\Documents\Hobby\Coding\Java\TitianCreator\out;C:\Users\Krimzo\Documents\Hobby\Coding\Java\TitianCreator\lwjgl\lwjgl.jar;C:\Users\Krimzo\Documents\Hobby\Coding\Java\TitianCreator\lwjgl\lwjgl-stb.jar;C:\Users\Krimzo\Documents\Hobby\Coding\Java\TitianCreator\lwjgl\lwjgl-glfw.jar;C:\Users\Krimzo\Documents\Hobby\Coding\Java\TitianCreator\lwjgl\lwjgl-assimp.jar;C:\Users\Krimzo\Documents\Hobby\Coding\Java\TitianCreator\lwjgl\lwjgl-openal.jar;C:\Users\Krimzo\Documents\Hobby\Coding\Java\TitianCreator\lwjgl\lwjgl-opengl.jar;C:\Users\Krimzo\Documents\Hobby\Coding\Java\TitianCreator\lwjgl\lwjgl-natives-linux.jar;C:\Users\Krimzo\Documents\Hobby\Coding\Java\TitianCreator\lwjgl\lwjgl-natives-macos.jar;C:\Users\Krimzo\Documents\Hobby\Coding\Java\TitianCreator\lwjgl\lwjgl-natives-windows.jar;C:\Users\Krimzo\Documents\Hobby\Coding\Java\TitianCreator\lwjgl\lwjgl-stb-natives-linux.jar;C:\Users\Krimzo\Documents\Hobby\Coding\Java\TitianCreator\lwjgl\lwjgl-stb-natives-macos.jar;C:\Users\Krimzo\Documents\Hobby\Coding\Java\TitianCreator\lwjgl\lwjgl-glfw-natives-linux.jar;C:\Users\Krimzo\Documents\Hobby\Coding\Java\TitianCreator\lwjgl\lwjgl-glfw-natives-macos.jar;C:\Users\Krimzo\Documents\Hobby\Coding\Java\TitianCreator\lwjgl\lwjgl-stb-natives-windows.jar;C:\Users\Krimzo\Documents\Hobby\Coding\Java\TitianCreator\lwjgl\lwjgl-assimp-natives-linux.jar;C:\Users\Krimzo\Documents\Hobby\Coding\Java\TitianCreator\lwjgl\lwjgl-assimp-natives-macos.jar;C:\Users\Krimzo\Documents\Hobby\Coding\Java\TitianCreator\lwjgl\lwjgl-glfw-natives-windows.jar;C:\Users\Krimzo\Documents\Hobby\Coding\Java\TitianCreator\lwjgl\lwjgl-openal-natives-linux.jar;C:\Users\Krimzo\Documents\Hobby\Coding\Java\TitianCreator\lwjgl\lwjgl-openal-natives-macos.jar;C:\Users\Krimzo\Documents\Hobby\Coding\Java\TitianCreator\lwjgl\lwjgl-opengl-natives-linux.jar;C:\Users\Krimzo\Documents\Hobby\Coding\Java\TitianCreator\lwjgl\lwjgl-opengl-natives-macos.jar;C:\Users\Krimzo\Documents\Hobby\Coding\J
Launcher Type: SUN_STANDARD

[Global flags]
     intx CICompilerCount                          = 3                                         {product} {ergonomic}
     uint ConcGCThreads                            = 1                                         {product} {ergonomic}
     uint G1ConcRefinementThreads                  = 4                                         {product} {ergonomic}
   size_t G1HeapRegionSize                         = 4194304                                   {product} {ergonomic}
    uintx GCDrainStackTargetSize                   = 64                                        {product} {ergonomic}
   size_t InitialHeapSize                          = 536870912                                 {product} {ergonomic}
   size_t MarkStackSize                            = 4194304                                   {product} {ergonomic}
   size_t MaxHeapSize                              = 8577351680                                {product} {ergonomic}
   size_t MaxNewSize                               = 5146411008                                {product} {ergonomic}
   size_t MinHeapDeltaBytes                        = 4194304                                   {product} {ergonomic}
   size_t MinHeapSize                              = 8388608                                   {product} {ergonomic}
    uintx NonNMethodCodeHeapSize                   = 5832780                                {pd product} {ergonomic}
    uintx NonProfiledCodeHeapSize                  = 122912730                              {pd product} {ergonomic}
    uintx ProfiledCodeHeapSize                     = 122912730                              {pd product} {ergonomic}
    uintx ReservedCodeCacheSize                    = 251658240                              {pd product} {ergonomic}
     bool SegmentedCodeCache                       = true                                      {product} {ergonomic}
   size_t SoftMaxHeapSize                          = 8577351680                             {manageable} {ergonomic}
     bool UseCompressedClassPointers               = true                           {product lp64_product} {ergonomic}
     bool UseCompressedOops                        = true                           {product lp64_product} {ergonomic}
     bool UseG1GC                                  = true                                      {product} {ergonomic}
     bool UseLargePagesIndividualAllocation        = false                                  {pd product} {ergonomic}

Logging:
Log output configuration:
 #0: stdout all=warning uptime,level,tags
 #1: stderr all=off uptime,level,tags

Environment Variables:
PATH=C:\Program Files\Lapce\;C:\Program Files\Common Files\Oracle\Java\javapath;C:\Program Files\NVIDIA GPU Computing Toolkit\CUDA\v11.7\bin;C:\Program Files\NVIDIA GPU Computing Toolkit\CUDA\v11.7\libnvvp;C:\WINDOWS\system32;C:\WINDOWS;C:\WINDOWS\System32\Wbem;C:\WINDOWS\System32\WindowsPowerShell\v1.0\;C:\WINDOWS\System32\OpenSSH\;C:\Program Files\NVIDIA Corporation\NVIDIA NvDLISR;C:\Program Files (x86)\NVIDIA Corporation\PhysX\Common;C:\Program Files\NVIDIA Corporation\Nsight Compute 2022.2.1\;C:\Program Files\Git\cmd;C:\Program Files\ffmpeg\bin;C:\Program Files\dotnet\;C:\MinGW\bin;C:\Program Files\CMake\bin;C:\Users\Krimzo\.cargo\bin;C:\Users\Krimzo\AppData\Local\Programs\Python\Python310\Scripts\;C:\Users\Krimzo\AppData\Local\Programs\Python\Python310\;C:\Users\Krimzo\AppData\Local\Microsoft\WindowsApps;C:\Users\Krimzo\AppData\Local\GitHubDesktop\bin;C:\Users\Krimzo\AppData\Local\Programs\Microsoft VS Code\bin;C:\Users\Krimzo\.dotnet\tools
USERNAME=Krimzo
OS=Windows_NT
PROCESSOR_IDENTIFIER=Intel64 Family 6 Model 60 Stepping 3, GenuineIntel



---------------  S Y S T E M  ---------------

OS:
 Windows 11 , 64 bit Build 22000 (10.0.22000.708)
OS uptime: 4 days 13:48 hours
Hyper-V role detected

CPU: total 4 (initial active 4) (4 cores per cpu, 1 threads per core) family 6 model 60 stepping 3 microcode 0x28, cx8, cmov, fxsr, mmx, sse, sse2, sse3, ssse3, sse4.1, sse4.2, popcnt, lzcnt, tsc, tscinvbit, avx, avx2, aes, erms, clmul, bmi1, bmi2, fma, vzeroupper, clflush, hv

Memory: 4k page, system-wide physical 32719M (22904M free)
TotalPageFile size 37583M (AvailPageFile size 25940M)
current process WorkingSet (physical memory assigned to process): 133M, peak: 134M
current process commit charge ("private bytes"): 900M, peak: 902M

vm_info: Java HotSpot(TM) 64-Bit Server VM (17.0.4.1+1-LTS-2) for windows-amd64 JRE (17.0.4.1+1-LTS-2), built on Aug 16 2022 18:32:06 by "mach5one" with MS VC++ 16.8 / 16.9 (VS2019)

END.
